Using pre-set license
Built from '2020.2/release' branch; Version is '2020.2.1f1 (270dd8c3da1c) revision 2559448'; Using compiler version '192528614'; Build Type 'Release'
OS: 'Windows 10  (10.0.0) 64bit' Language: 'en' Physical Memory: 32603 MB
BatchMode: 1, IsHumanControllingUs: 0, StartBugReporterOnCrash: 0, Is64bit: 1, IsPro: 0

 COMMAND LINE ARGUMENTS:
C:\Program Files\Unity\Hub\Editor\2020.2.1f1\Editor\Unity.exe
-adb2
-batchMode
-noUpm
-name
AssetImportWorker0
-projectPath
D:/Git/My-projects/FPSDemo2
-logFile
Logs/AssetImportWorker0.log
-srvPort
54418
Successfully changed project path to: D:/Git/My-projects/FPSDemo2
D:/Git/My-projects/FPSDemo2
Using Asset Import Pipeline V2.
Refreshing native plugins compatible for Editor in 24.51 ms, found 0 plugins.
Preloading 0 native plugins for Editor in 0.00 ms.
Initialize engine version: 2020.2.1f1 (270dd8c3da1c)
[Subsystems] Discovering subsystems at path C:/Program Files/Unity/Hub/Editor/2020.2.1f1/Editor/Data/Resources/UnitySubsystems
[Subsystems] Discovering subsystems at path D:/Git/My-projects/FPSDemo2/Assets
GfxDevice: creating device client; threaded=0
Direct3D:
    Version:  Direct3D 11.0 [level 11.1]
    Renderer: NVIDIA GeForce RTX 2080 Super with Max-Q Design (ID=0x1ed3)
    Vendor:   
    VRAM:     8010 MB
    Driver:   27.21.14.6172
Initialize mono
Mono path[0] = 'C:/Program Files/Unity/Hub/Editor/2020.2.1f1/Editor/Data/Managed'
Mono path[1] = 'C:/Program Files/Unity/Hub/Editor/2020.2.1f1/Editor/Data/MonoBleedingEdge/lib/mono/unityjit'
Mono config path = 'C:/Program Files/Unity/Hub/Editor/2020.2.1f1/Editor/Data/MonoBleedingEdge/etc'
Using monoOptions --debugger-agent=transport=dt_socket,embedding=1,server=y,suspend=n,address=127.0.0.1:56024
Begin MonoManager ReloadAssembly
Registering precompiled unity dll's ...
Register platform support module: C:/Program Files/Unity/Hub/Editor/2020.2.1f1/Editor/Data/PlaybackEngines/WindowsStandaloneSupport/UnityEditor.WindowsStandalone.Extensions.dll
Registered in 0.001313 seconds.
Native extension for WindowsStandalone target not found
Refreshing native plugins compatible for Editor in 24.35 ms, found 0 plugins.
Preloading 0 native plugins for Editor in 0.00 ms.
Invoked RoslynAnalysisRunner static constructor.
RoslynAnalysisRunner will not be running.
RoslynAnalysisRunner has terminated.
Mono: successfully reloaded assembly
- Completed reload, in  1.840 seconds
Platform modules already initialized, skipping
Registering precompiled user dll's ...
Registered in 0.000430 seconds.
Begin MonoManager ReloadAssembly
Native extension for WindowsStandalone target not found
Refreshing native plugins compatible for Editor in 0.22 ms, found 0 plugins.
Preloading 0 native plugins for Editor in 0.00 ms.
Invoked RoslynAnalysisRunner static constructor.
RoslynAnalysisRunner will not be running.
RoslynAnalysisRunner has terminated.
Mono: successfully reloaded assembly
- Completed reload, in  0.749 seconds
Platform modules already initialized, skipping
========================================================================
Worker process is ready to serve import requests
Launched and connected shader compiler UnityShaderCompiler.exe after 0.04 seconds
Refreshing native plugins compatible for Editor in 0.23 ms, found 0 plugins.
Preloading 0 native plugins for Editor in 0.00 ms.
Unloading 1140 Unused Serialized files (Serialized files now loaded: 0)
System memory in use before: 59.1 MB.
System memory in use after: 59.1 MB.

Unloading 10 unused Assets to reduce memory usage. Loaded Objects now: 1590.
Total: 1.373600 ms (FindLiveObjects: 0.150800 ms CreateObjectMapping: 0.050400 ms MarkObjects: 1.112500 ms  DeleteObjects: 0.058900 ms)

========================================================================
Received Import Request.
  path: Assets/MyAssets/Scripts/weapons/AssultRifle.cs
  artifactKey: Guid(efc5f27572215214dbe5a713fe3e9a6f) Importer(815301076,1909f56bfc062723c751e8b465ee728b)
Start importing Assets/MyAssets/Scripts/weapons/AssultRifle.cs using Guid(efc5f27572215214dbe5a713fe3e9a6f) Importer(815301076,1909f56bfc062723c751e8b465ee728b)  -> (artifact id: 'e98e8b4671ed67fb3046acaf46b2d93b') in 0.018146 seconds
  Import took 0.019768 seconds .

========================================================================
Received Import Request.
  Time since last request: 0.000159 seconds.
  path: Assets/MyAssets/Scripts/weapons/ImpactAudioData.cs
  artifactKey: Guid(44246bb5b4c3c9b448ce409671f4634d) Importer(815301076,1909f56bfc062723c751e8b465ee728b)
Start importing Assets/MyAssets/Scripts/weapons/ImpactAudioData.cs using Guid(44246bb5b4c3c9b448ce409671f4634d) Importer(815301076,1909f56bfc062723c751e8b465ee728b)  -> (artifact id: '0c1c573ec262eefa35ff552d748d9e7c') in 0.004603 seconds
  Import took 0.006552 seconds .

========================================================================
Received Import Request.
  Time since last request: 0.000199 seconds.
  path: Assets/MyAssets/Scripts/weapons/FirearmsAudioData.cs
  artifactKey: Guid(369ebff2f54b9364f872465446b10e0d) Importer(815301076,1909f56bfc062723c751e8b465ee728b)
Start importing Assets/MyAssets/Scripts/weapons/FirearmsAudioData.cs using Guid(369ebff2f54b9364f872465446b10e0d) Importer(815301076,1909f56bfc062723c751e8b465ee728b)  -> (artifact id: 'ed2c7c0c8a7df9eecc03ea9f8cb1b834') in 0.004800 seconds
  Import took 0.006315 seconds .

========================================================================
Received Import Request.
  Time since last request: 55.279604 seconds.
  path: Assets/MyAssets/Scripts/weapons/WeaponManager.cs
  artifactKey: Guid(55572f812886c9e478586eb432c4510c) Importer(815301076,1909f56bfc062723c751e8b465ee728b)
Start importing Assets/MyAssets/Scripts/weapons/WeaponManager.cs using Guid(55572f812886c9e478586eb432c4510c) Importer(815301076,1909f56bfc062723c751e8b465ee728b)  -> (artifact id: 'aa2565dbc748baf857523cd375598740') in 0.007094 seconds
  Import took 0.008776 seconds .

AssetImportWorkerClient::OnTransportError - code=2 error=End of file
