Using pre-set license
Built from '2020.2/release' branch; Version is '2020.2.1f1 (270dd8c3da1c) revision 2559448'; Using compiler version '192528614'; Build Type 'Release'
OS: 'Windows 10  (10.0.0) 64bit' Language: 'en' Physical Memory: 32603 MB
BatchMode: 1, IsHumanControllingUs: 0, StartBugReporterOnCrash: 0, Is64bit: 1, IsPro: 0

 COMMAND LINE ARGUMENTS:
C:\Program Files\Unity\Hub\Editor\2020.2.1f1\Editor\Unity.exe
-adb2
-batchMode
-noUpm
-name
AssetImportWorker0
-projectPath
D:/UnityProgramme/FPSDemo2
-logFile
Logs/AssetImportWorker0.log
-srvPort
60828
Successfully changed project path to: D:/UnityProgramme/FPSDemo2
D:/UnityProgramme/FPSDemo2
Using Asset Import Pipeline V2.
Refreshing native plugins compatible for Editor in 21.83 ms, found 0 plugins.
Preloading 0 native plugins for Editor in 0.00 ms.
Initialize engine version: 2020.2.1f1 (270dd8c3da1c)
[Subsystems] Discovering subsystems at path C:/Program Files/Unity/Hub/Editor/2020.2.1f1/Editor/Data/Resources/UnitySubsystems
[Subsystems] Discovering subsystems at path D:/UnityProgramme/FPSDemo2/Assets
GfxDevice: creating device client; threaded=0
Direct3D:
    Version:  Direct3D 11.0 [level 11.1]
    Renderer: NVIDIA GeForce RTX 2080 Super with Max-Q Design (ID=0x1ed3)
    Vendor:   
    VRAM:     8010 MB
    Driver:   27.21.14.6172
Initialize mono
Mono path[0] = 'C:/Program Files/Unity/Hub/Editor/2020.2.1f1/Editor/Data/Managed'
Mono path[1] = 'C:/Program Files/Unity/Hub/Editor/2020.2.1f1/Editor/Data/MonoBleedingEdge/lib/mono/unityjit'
Mono config path = 'C:/Program Files/Unity/Hub/Editor/2020.2.1f1/Editor/Data/MonoBleedingEdge/etc'
Using monoOptions --debugger-agent=transport=dt_socket,embedding=1,server=y,suspend=n,address=127.0.0.1:56980
Begin MonoManager ReloadAssembly
Registering precompiled unity dll's ...
Register platform support module: C:/Program Files/Unity/Hub/Editor/2020.2.1f1/Editor/Data/PlaybackEngines/WindowsStandaloneSupport/UnityEditor.WindowsStandalone.Extensions.dll
Registered in 0.001343 seconds.
Native extension for WindowsStandalone target not found
Refreshing native plugins compatible for Editor in 23.09 ms, found 0 plugins.
Preloading 0 native plugins for Editor in 0.00 ms.
Invoked RoslynAnalysisRunner static constructor.
RoslynAnalysisRunner will not be running.
RoslynAnalysisRunner has terminated.
Mono: successfully reloaded assembly
- Completed reload, in  1.773 seconds
Platform modules already initialized, skipping
Registering precompiled user dll's ...
Registered in 0.000434 seconds.
Begin MonoManager ReloadAssembly
Native extension for WindowsStandalone target not found
Refreshing native plugins compatible for Editor in 0.21 ms, found 0 plugins.
Preloading 0 native plugins for Editor in 0.00 ms.
Invoked RoslynAnalysisRunner static constructor.
RoslynAnalysisRunner will not be running.
RoslynAnalysisRunner has terminated.
Mono: successfully reloaded assembly
- Completed reload, in  0.685 seconds
Platform modules already initialized, skipping
========================================================================
Worker process is ready to serve import requests
Launched and connected shader compiler UnityShaderCompiler.exe after 0.03 seconds
Refreshing native plugins compatible for Editor in 0.22 ms, found 0 plugins.
Preloading 0 native plugins for Editor in 0.00 ms.
Unloading 1138 Unused Serialized files (Serialized files now loaded: 0)
System memory in use before: 58.9 MB.
System memory in use after: 59.0 MB.

Unloading 10 unused Assets to reduce memory usage. Loaded Objects now: 1588.
Total: 1.306200 ms (FindLiveObjects: 0.118300 ms CreateObjectMapping: 0.037900 ms MarkObjects: 1.095400 ms  DeleteObjects: 0.053400 ms)

========================================================================
Received Import Request.
  path: Assets/Easy Weapons/Textures/Crosshairs
  artifactKey: Guid(f23f6ba19995687449d63e9c792a9e85) Importer(815301076,1909f56bfc062723c751e8b465ee728b)
Start importing Assets/Easy Weapons/Textures/Crosshairs using Guid(f23f6ba19995687449d63e9c792a9e85) Importer(815301076,1909f56bfc062723c751e8b465ee728b)  -> (artifact id: '2daf25f069c81d772b06d3fb56e2b13f') in 0.009254 seconds
  Import took 0.010929 seconds .

========================================================================
Received Import Request.
  Time since last request: 0.000135 seconds.
  path: Assets/Easy Weapons/Textures/Crosshairs/Extra/crosshairs_1.png
  artifactKey: Guid(969cf3606f53c1346944828bdb20cfbe) Importer(815301076,1909f56bfc062723c751e8b465ee728b)
Start importing Assets/Easy Weapons/Textures/Crosshairs/Extra/crosshairs_1.png using Guid(969cf3606f53c1346944828bdb20cfbe) Importer(815301076,1909f56bfc062723c751e8b465ee728b)  -> (artifact id: '864f0936dab7bdcc5147db0808ae336c') in 0.089327 seconds
  Import took 0.090774 seconds .

========================================================================
Received Import Request.
  Time since last request: 0.000130 seconds.
  path: Assets/Easy Weapons/Textures/Crosshairs/Extra/crosshair_3.png
  artifactKey: Guid(710b5ca03b4c46747b647fa57e7d3fea) Importer(815301076,1909f56bfc062723c751e8b465ee728b)
Start importing Assets/Easy Weapons/Textures/Crosshairs/Extra/crosshair_3.png using Guid(710b5ca03b4c46747b647fa57e7d3fea) Importer(815301076,1909f56bfc062723c751e8b465ee728b)  -> (artifact id: 'f799a90714500a5600f16f36c10efb72') in 0.019947 seconds
  Import took 0.021409 seconds .

========================================================================
Received Import Request.
  Time since last request: 0.000161 seconds.
  path: Assets/Easy Weapons/Textures/Crosshairs/Extra/crosshair_2.png
  artifactKey: Guid(4e99d45e1a5f2fa40aed52039186f475) Importer(815301076,1909f56bfc062723c751e8b465ee728b)
Start importing Assets/Easy Weapons/Textures/Crosshairs/Extra/crosshair_2.png using Guid(4e99d45e1a5f2fa40aed52039186f475) Importer(815301076,1909f56bfc062723c751e8b465ee728b)  -> (artifact id: 'f930a603e69ceede4339fcc303c8625a') in 0.023915 seconds
  Import took 0.025449 seconds .

========================================================================
Received Import Request.
  Time since last request: 0.247956 seconds.
  path: Assets/Easy Weapons/Textures/Crosshairs/solid_white.png
  artifactKey: Guid(fb94e4cada149024181628b0f49b619d) Importer(815301076,1909f56bfc062723c751e8b465ee728b)
Start importing Assets/Easy Weapons/Textures/Crosshairs/solid_white.png using Guid(fb94e4cada149024181628b0f49b619d) Importer(815301076,1909f56bfc062723c751e8b465ee728b)  -> (artifact id: '41331b253774a416874839578cb7f1e4') in 0.014715 seconds
  Import took 0.016557 seconds .

========================================================================
Received Import Request.
  Time since last request: 0.023514 seconds.
  path: Assets/Easy Weapons/Textures/Crosshairs/solid_white.png
  artifactKey: Guid(fb94e4cada149024181628b0f49b619d) Importer(815301076,1909f56bfc062723c751e8b465ee728b)
Start importing Assets/Easy Weapons/Textures/Crosshairs/solid_white.png using Guid(fb94e4cada149024181628b0f49b619d) Importer(815301076,1909f56bfc062723c751e8b465ee728b)  -> (artifact id: '41331b253774a416874839578cb7f1e4') in 0.005394 seconds
  Import took 0.007492 seconds .

========================================================================
Received Import Request.
  Time since last request: 0.697125 seconds.
  path: Assets/Easy Weapons/Textures/Crosshairs/solid_red.png
  artifactKey: Guid(b4c5e19a5662ed244b54f15320c9fb31) Importer(815301076,1909f56bfc062723c751e8b465ee728b)
Start importing Assets/Easy Weapons/Textures/Crosshairs/solid_red.png using Guid(b4c5e19a5662ed244b54f15320c9fb31) Importer(815301076,1909f56bfc062723c751e8b465ee728b)  -> (artifact id: '563a8f727482be3db3535ed6065c2ca7') in 0.012677 seconds
  Import took 0.014279 seconds .

========================================================================
Received Import Request.
  Time since last request: 0.000258 seconds.
  path: Assets/Easy Weapons/Textures/Crosshairs/solid_red.png
  artifactKey: Guid(b4c5e19a5662ed244b54f15320c9fb31) Importer(815301076,1909f56bfc062723c751e8b465ee728b)
Start importing Assets/Easy Weapons/Textures/Crosshairs/solid_red.png using Guid(b4c5e19a5662ed244b54f15320c9fb31) Importer(815301076,1909f56bfc062723c751e8b465ee728b)  -> (artifact id: '563a8f727482be3db3535ed6065c2ca7') in 0.006092 seconds
  Import took 0.007956 seconds .

========================================================================
Received Import Request.
  Time since last request: 1.131163 seconds.
  path: Assets/Easy Weapons/Textures/Crosshairs/solid_black.png
  artifactKey: Guid(65986249dbab2e74e9559cce7daaf456) Importer(815301076,1909f56bfc062723c751e8b465ee728b)
Start importing Assets/Easy Weapons/Textures/Crosshairs/solid_black.png using Guid(65986249dbab2e74e9559cce7daaf456) Importer(815301076,1909f56bfc062723c751e8b465ee728b)  -> (artifact id: 'c82281e6004b85a5b776687b330274a8') in 0.013025 seconds
  Import took 0.014580 seconds .

========================================================================
Received Import Request.
  Time since last request: 0.000403 seconds.
  path: Assets/Easy Weapons/Textures/Crosshairs/solid_black.png
  artifactKey: Guid(65986249dbab2e74e9559cce7daaf456) Importer(815301076,1909f56bfc062723c751e8b465ee728b)
Start importing Assets/Easy Weapons/Textures/Crosshairs/solid_black.png using Guid(65986249dbab2e74e9559cce7daaf456) Importer(815301076,1909f56bfc062723c751e8b465ee728b)  -> (artifact id: 'c82281e6004b85a5b776687b330274a8') in 0.005657 seconds
  Import took 0.007179 seconds .

========================================================================
Received Import Request.
  Time since last request: 26.177151 seconds.
  path: Assets/Easy Weapons/Textures/Crosshairs/Extra
  artifactKey: Guid(3b42c2ba20a322140a38354c405f0651) Importer(815301076,1909f56bfc062723c751e8b465ee728b)
Start importing Assets/Easy Weapons/Textures/Crosshairs/Extra using Guid(3b42c2ba20a322140a38354c405f0651) Importer(815301076,1909f56bfc062723c751e8b465ee728b)  -> (artifact id: 'cb21a95a0b72afd2fe07d5dc1ca02bcc') in 0.005398 seconds
  Import took 0.007076 seconds .

========================================================================
Received Import Request.
  Time since last request: 1.061193 seconds.
  path: Assets/Easy Weapons/Textures/Crosshairs/solid_white.png
  artifactKey: Guid(fb94e4cada149024181628b0f49b619d) Importer(815301076,1909f56bfc062723c751e8b465ee728b)
Start importing Assets/Easy Weapons/Textures/Crosshairs/solid_white.png using Guid(fb94e4cada149024181628b0f49b619d) Importer(815301076,1909f56bfc062723c751e8b465ee728b)  -> (artifact id: '4f657cc54d750f61685a024a10f4f45c') in 0.009196 seconds
  Import took 0.010752 seconds .

========================================================================
Received Import Request.
  Time since last request: 68.625743 seconds.
  path: Assets/Low Poly FPS Pack - Free (Sample)/Components/Textures_&_Sprites/UI/Grenade_UI_Texture.png
  artifactKey: Guid(b3e76a068a948184aa9a5ffe4d7c5fed) Importer(815301076,1909f56bfc062723c751e8b465ee728b)
Start importing Assets/Low Poly FPS Pack - Free (Sample)/Components/Textures_&_Sprites/UI/Grenade_UI_Texture.png using Guid(b3e76a068a948184aa9a5ffe4d7c5fed) Importer(815301076,1909f56bfc062723c751e8b465ee728b)  -> (artifact id: 'd707bb519f718ecc87a63ce2bf70c427') in 0.056300 seconds
  Import took 0.058035 seconds .

========================================================================
Received Import Request.
  Time since last request: 0.000159 seconds.
  path: Assets/Low Poly FPS Pack - Free (Sample)/Components/Demo_Scene_Components/Textures_&_Sprites/Weapon_Showcase_Textures/Weapon_Showcase_Shadow_Texture.png
  artifactKey: Guid(27d10abcb5ddfd84f9ffc5760350e429) Importer(815301076,1909f56bfc062723c751e8b465ee728b)
Start importing Assets/Low Poly FPS Pack - Free (Sample)/Components/Demo_Scene_Components/Textures_&_Sprites/Weapon_Showcase_Textures/Weapon_Showcase_Shadow_Texture.png using Guid(27d10abcb5ddfd84f9ffc5760350e429) Importer(815301076,1909f56bfc062723c751e8b465ee728b)  -> (artifact id: 'd05932d2cbbf4d6ab997e484b36762ad') in 0.036913 seconds
  Import took 0.038900 seconds .

========================================================================
Received Import Request.
  Time since last request: 0.000280 seconds.
  path: Assets/Low Poly FPS Pack - Free (Sample)/Components/Textures_&_Sprites/UI/handgun_01_icon.png
  artifactKey: Guid(d6e4dc2ab496ac845a119b14c5abbb91) Importer(815301076,1909f56bfc062723c751e8b465ee728b)
Start importing Assets/Low Poly FPS Pack - Free (Sample)/Components/Textures_&_Sprites/UI/handgun_01_icon.png using Guid(d6e4dc2ab496ac845a119b14c5abbb91) Importer(815301076,1909f56bfc062723c751e8b465ee728b)  -> (artifact id: '8a43af7db93aeba97167a40396d0e095') in 0.025272 seconds
  Import took 0.027307 seconds .

========================================================================
Received Import Request.
  Time since last request: 0.000134 seconds.
  path: Assets/Low Poly FPS Pack - Free (Sample)/Components/Textures_&_Sprites/UI/Grenade_UI_Texture.png
  artifactKey: Guid(b3e76a068a948184aa9a5ffe4d7c5fed) Importer(815301076,1909f56bfc062723c751e8b465ee728b)
Start importing Assets/Low Poly FPS Pack - Free (Sample)/Components/Textures_&_Sprites/UI/Grenade_UI_Texture.png using Guid(b3e76a068a948184aa9a5ffe4d7c5fed) Importer(815301076,1909f56bfc062723c751e8b465ee728b)  -> (artifact id: 'd707bb519f718ecc87a63ce2bf70c427') in 0.010788 seconds
  Import took 0.012431 seconds .

========================================================================
Received Import Request.
  Time since last request: 134.752297 seconds.
  path: Assets/Low Poly FPS Pack - Free (Sample)/Components/Materials/Arm_Materials/Arms Material.mat
  artifactKey: Guid(03ecf8889a246e743b8b08837229b299) Importer(815301076,1909f56bfc062723c751e8b465ee728b)
Start importing Assets/Low Poly FPS Pack - Free (Sample)/Components/Materials/Arm_Materials/Arms Material.mat using Guid(03ecf8889a246e743b8b08837229b299) Importer(815301076,1909f56bfc062723c751e8b465ee728b)  -> (artifact id: '863f08ba2613fa857632cae962027c7a') in 0.087993 seconds
  Import took 0.091012 seconds .

========================================================================
Received Import Request.
  Time since last request: 0.000217 seconds.
  path: Assets/Easy Weapons/Models/Materials/Black.mat
  artifactKey: Guid(16395f79a29e1984085bce95d03dffd7) Importer(815301076,1909f56bfc062723c751e8b465ee728b)
Start importing Assets/Easy Weapons/Models/Materials/Black.mat using Guid(16395f79a29e1984085bce95d03dffd7) Importer(815301076,1909f56bfc062723c751e8b465ee728b)  -> (artifact id: 'db644629dc041fa57e673114e5cfa200') in 0.030867 seconds
  Import took 0.033692 seconds .

========================================================================
Received Import Request.
  Time since last request: 0.000258 seconds.
  path: Assets/Easy Weapons/Scripts/Easy Camera Shake/Demo/Blue.mat
  artifactKey: Guid(51540004df6e85945a8b0398839c0d31) Importer(815301076,1909f56bfc062723c751e8b465ee728b)
Start importing Assets/Easy Weapons/Scripts/Easy Camera Shake/Demo/Blue.mat using Guid(51540004df6e85945a8b0398839c0d31) Importer(815301076,1909f56bfc062723c751e8b465ee728b)  -> (artifact id: '4d34aa6b1800631ba8e0e4a5d66d6e6b') in 0.029791 seconds
  Import took 0.032300 seconds .

========================================================================
Received Import Request.
  Time since last request: 0.000244 seconds.
  path: Assets/Easy Weapons/Materials/Environment/black_grid.mat
  artifactKey: Guid(66a6975fe81c6c34dba7c28a523ee98b) Importer(815301076,1909f56bfc062723c751e8b465ee728b)
Start importing Assets/Easy Weapons/Materials/Environment/black_grid.mat using Guid(66a6975fe81c6c34dba7c28a523ee98b) Importer(815301076,1909f56bfc062723c751e8b465ee728b)  -> (artifact id: '8cd4bcf22ec449f96de8e3e973dbd09d') in 0.042838 seconds
  Import took 0.045334 seconds .

========================================================================
Received Import Request.
  Time since last request: 0.000243 seconds.
  path: Assets/Easy Weapons/Materials/Basic Colors/Blue.mat
  artifactKey: Guid(7aa86e4ec98013042a46654962b32431) Importer(815301076,1909f56bfc062723c751e8b465ee728b)
Start importing Assets/Easy Weapons/Materials/Basic Colors/Blue.mat using Guid(7aa86e4ec98013042a46654962b32431) Importer(815301076,1909f56bfc062723c751e8b465ee728b)  -> (artifact id: '1c96b15f1392222ff13e820646df58c3') in 0.030786 seconds
  Import took 0.033637 seconds .

========================================================================
Received Import Request.
  Time since last request: 0.000248 seconds.
  path: Assets/Easy Weapons/Materials/Particles/blue_glow1.mat
  artifactKey: Guid(be4590f6b835d9647b1e13806ff4e06e) Importer(815301076,1909f56bfc062723c751e8b465ee728b)
Start importing Assets/Easy Weapons/Materials/Particles/blue_glow1.mat using Guid(be4590f6b835d9647b1e13806ff4e06e) Importer(815301076,1909f56bfc062723c751e8b465ee728b)  -> (artifact id: '51d8fa622fc03e2886171587e759f38f') in 0.035473 seconds
  Import took 0.038091 seconds .

========================================================================
Received Import Request.
  Time since last request: 0.000240 seconds.
  path: Assets/Easy Weapons/Materials/Environment/black_grid_small.mat
  artifactKey: Guid(813c919e713514d4ca5720d3d6c3ebfc) Importer(815301076,1909f56bfc062723c751e8b465ee728b)
Start importing Assets/Easy Weapons/Materials/Environment/black_grid_small.mat using Guid(813c919e713514d4ca5720d3d6c3ebfc) Importer(815301076,1909f56bfc062723c751e8b465ee728b)  -> (artifact id: '5036db231e27e044a898a49ef33ad8e3') in 0.029801 seconds
  Import took 0.032601 seconds .

========================================================================
Received Import Request.
  Time since last request: 0.000235 seconds.
  path: Assets/Easy Weapons/Materials/Bullet Holes/bullet_hole_1.mat
  artifactKey: Guid(f3bb0734710c40a4bb83d3bed83bd156) Importer(815301076,1909f56bfc062723c751e8b465ee728b)
Start importing Assets/Easy Weapons/Materials/Bullet Holes/bullet_hole_1.mat using Guid(f3bb0734710c40a4bb83d3bed83bd156) Importer(815301076,1909f56bfc062723c751e8b465ee728b)  -> (artifact id: 'b72a5f0739874ba1f3ccefad28c34b6e') in 0.026939 seconds
  Import took 0.029439 seconds .

========================================================================
Received Import Request.
  Time since last request: 0.000236 seconds.
  path: Assets/Easy Weapons/Demo/Freight Yard/Source/FBX/Materials/barrel_1.mat
  artifactKey: Guid(b60f0035043c61e4b88df3b7850a8abe) Importer(815301076,1909f56bfc062723c751e8b465ee728b)
Start importing Assets/Easy Weapons/Demo/Freight Yard/Source/FBX/Materials/barrel_1.mat using Guid(b60f0035043c61e4b88df3b7850a8abe) Importer(815301076,1909f56bfc062723c751e8b465ee728b)  -> (artifact id: '8121176664e19b95a12aba2ef55f6c48') in 0.530042 seconds
  Import took 0.533037 seconds .

========================================================================
Received Import Request.
  Time since last request: 0.000241 seconds.
  path: Assets/Low Poly FPS Pack - Free (Sample)/Components/Meshes/Arms/Materials/Arms Material.mat
  artifactKey: Guid(5eea69f57b7ce654a8a7a2d6d64ecd82) Importer(815301076,1909f56bfc062723c751e8b465ee728b)
Start importing Assets/Low Poly FPS Pack - Free (Sample)/Components/Meshes/Arms/Materials/Arms Material.mat using Guid(5eea69f57b7ce654a8a7a2d6d64ecd82) Importer(815301076,1909f56bfc062723c751e8b465ee728b)  -> (artifact id: 'd23ca9b30f978a0e06d24a281b855bd5') in 0.016553 seconds
  Import took 0.019037 seconds .

========================================================================
Received Import Request.
  Time since last request: 0.000223 seconds.
  path: Assets/Easy Weapons/Materials/Basic Colors/Black.mat
  artifactKey: Guid(8b9eed057e842dd4f8822188f31d6022) Importer(815301076,1909f56bfc062723c751e8b465ee728b)
Start importing Assets/Easy Weapons/Materials/Basic Colors/Black.mat using Guid(8b9eed057e842dd4f8822188f31d6022) Importer(815301076,1909f56bfc062723c751e8b465ee728b)  -> (artifact id: 'c5a2927677dd41e4f1be0a6227aba0a5') in 0.021296 seconds
  Import took 0.024025 seconds .

========================================================================
Received Import Request.
  Time since last request: 1.171370 seconds.
  path: Assets/Easy Weapons/Textures/Crosshairs/Extra/Materials/crosshairs_1.mat
  artifactKey: Guid(a612ef07139a9a24bbd08583561811fc) Importer(815301076,1909f56bfc062723c751e8b465ee728b)
Start importing Assets/Easy Weapons/Textures/Crosshairs/Extra/Materials/crosshairs_1.mat using Guid(a612ef07139a9a24bbd08583561811fc) Importer(815301076,1909f56bfc062723c751e8b465ee728b)  -> (artifact id: '7028b765b0774d9d9a4779281fe9aba6') in 0.016658 seconds
  Import took 0.019274 seconds .

========================================================================
Received Import Request.
  Time since last request: 0.002945 seconds.
  path: Assets/Easy Weapons/Textures/Crosshairs/Extra/Materials/crosshairs_1.mat
  artifactKey: Guid(a612ef07139a9a24bbd08583561811fc) Importer(815301076,1909f56bfc062723c751e8b465ee728b)
Start importing Assets/Easy Weapons/Textures/Crosshairs/Extra/Materials/crosshairs_1.mat using Guid(a612ef07139a9a24bbd08583561811fc) Importer(815301076,1909f56bfc062723c751e8b465ee728b)  -> (artifact id: '7028b765b0774d9d9a4779281fe9aba6') in 0.009305 seconds
  Import took 0.011760 seconds .

========================================================================
Received Import Request.
  Time since last request: 1.801118 seconds.
  path: Assets/Easy Weapons/Textures/Crosshairs/Materials/solid_white.mat
  artifactKey: Guid(4c28dfe40e8a4e74f9e28a2b0ff48885) Importer(815301076,1909f56bfc062723c751e8b465ee728b)
Start importing Assets/Easy Weapons/Textures/Crosshairs/Materials/solid_white.mat using Guid(4c28dfe40e8a4e74f9e28a2b0ff48885) Importer(815301076,1909f56bfc062723c751e8b465ee728b)  -> (artifact id: '8b1cc07d5e85bd66c439bc8424f02221') in 0.010481 seconds
  Import took 0.013597 seconds .

========================================================================
Received Import Request.
  Time since last request: 0.004738 seconds.
  path: Assets/Easy Weapons/Textures/Crosshairs/Materials/solid_white.mat
  artifactKey: Guid(4c28dfe40e8a4e74f9e28a2b0ff48885) Importer(815301076,1909f56bfc062723c751e8b465ee728b)
Start importing Assets/Easy Weapons/Textures/Crosshairs/Materials/solid_white.mat using Guid(4c28dfe40e8a4e74f9e28a2b0ff48885) Importer(815301076,1909f56bfc062723c751e8b465ee728b)  -> (artifact id: '8b1cc07d5e85bd66c439bc8424f02221') in 0.013013 seconds
  Import took 0.015755 seconds .

========================================================================
Received Prepare
Registering precompiled user dll's ...
Registered in 0.000502 seconds.
Begin MonoManager ReloadAssembly
Native extension for WindowsStandalone target not found
Refreshing native plugins compatible for Editor in 0.28 ms, found 0 plugins.
Preloading 0 native plugins for Editor in 0.00 ms.
Invoked RoslynAnalysisRunner static constructor.
RoslynAnalysisRunner will not be running.
RoslynAnalysisRunner has terminated.
Mono: successfully reloaded assembly
- Completed reload, in  0.688 seconds
Platform modules already initialized, skipping
Refreshing native plugins compatible for Editor in 0.26 ms, found 0 plugins.
Preloading 0 native plugins for Editor in 0.00 ms.
Unloading 1133 Unused Serialized files (Serialized files now loaded: 0)
System memory in use before: 62.5 MB.
System memory in use after: 62.6 MB.

Unloading 5 unused Assets to reduce memory usage. Loaded Objects now: 1632.
Total: 1.301500 ms (FindLiveObjects: 0.121500 ms CreateObjectMapping: 0.032600 ms MarkObjects: 1.099000 ms  DeleteObjects: 0.047500 ms)

========================================================================
Received Prepare
Registering precompiled user dll's ...
Registered in 0.000384 seconds.
Begin MonoManager ReloadAssembly
Native extension for WindowsStandalone target not found
Refreshing native plugins compatible for Editor in 0.22 ms, found 0 plugins.
Preloading 0 native plugins for Editor in 0.00 ms.
Invoked RoslynAnalysisRunner static constructor.
RoslynAnalysisRunner will not be running.
RoslynAnalysisRunner has terminated.
Mono: successfully reloaded assembly
- Completed reload, in  0.623 seconds
Platform modules already initialized, skipping
Refreshing native plugins compatible for Editor in 0.25 ms, found 0 plugins.
Preloading 0 native plugins for Editor in 0.00 ms.
Unloading 1133 Unused Serialized files (Serialized files now loaded: 0)
System memory in use before: 62.8 MB.
System memory in use after: 62.9 MB.

Unloading 5 unused Assets to reduce memory usage. Loaded Objects now: 1634.
Total: 1.249300 ms (FindLiveObjects: 0.120400 ms CreateObjectMapping: 0.033000 ms MarkObjects: 1.050000 ms  DeleteObjects: 0.044800 ms)

========================================================================
Received Prepare
Registering precompiled user dll's ...
Registered in 0.000944 seconds.
Begin MonoManager ReloadAssembly
Native extension for WindowsStandalone target not found
Refreshing native plugins compatible for Editor in 0.36 ms, found 0 plugins.
Preloading 0 native plugins for Editor in 0.00 ms.
Invoked RoslynAnalysisRunner static constructor.
RoslynAnalysisRunner will not be running.
RoslynAnalysisRunner has terminated.
Mono: successfully reloaded assembly
- Completed reload, in  1.059 seconds
Platform modules already initialized, skipping
Refreshing native plugins compatible for Editor in 0.33 ms, found 0 plugins.
Preloading 0 native plugins for Editor in 0.00 ms.
Unloading 1133 Unused Serialized files (Serialized files now loaded: 0)
System memory in use before: 63.0 MB.
System memory in use after: 63.1 MB.

Unloading 5 unused Assets to reduce memory usage. Loaded Objects now: 1636.
Total: 2.213400 ms (FindLiveObjects: 0.224100 ms CreateObjectMapping: 0.068200 ms MarkObjects: 1.853900 ms  DeleteObjects: 0.064700 ms)

========================================================================
Received Prepare
Registering precompiled user dll's ...
Registered in 0.000675 seconds.
Begin MonoManager ReloadAssembly
Native extension for WindowsStandalone target not found
Refreshing native plugins compatible for Editor in 0.30 ms, found 0 plugins.
Preloading 0 native plugins for Editor in 0.00 ms.
Invoked RoslynAnalysisRunner static constructor.
RoslynAnalysisRunner will not be running.
RoslynAnalysisRunner has terminated.
Mono: successfully reloaded assembly
- Completed reload, in  1.002 seconds
Platform modules already initialized, skipping
Refreshing native plugins compatible for Editor in 0.30 ms, found 0 plugins.
Preloading 0 native plugins for Editor in 0.00 ms.
Unloading 1133 Unused Serialized files (Serialized files now loaded: 0)
System memory in use before: 63.4 MB.
System memory in use after: 63.5 MB.

Unloading 5 unused Assets to reduce memory usage. Loaded Objects now: 1638.
Total: 1.817100 ms (FindLiveObjects: 0.144300 ms CreateObjectMapping: 0.043100 ms MarkObjects: 1.575800 ms  DeleteObjects: 0.052800 ms)

========================================================================
Received Prepare
Registering precompiled user dll's ...
Registered in 0.000586 seconds.
Begin MonoManager ReloadAssembly
Native extension for WindowsStandalone target not found
Refreshing native plugins compatible for Editor in 0.32 ms, found 0 plugins.
Preloading 0 native plugins for Editor in 0.00 ms.
Invoked RoslynAnalysisRunner static constructor.
RoslynAnalysisRunner will not be running.
RoslynAnalysisRunner has terminated.
Mono: successfully reloaded assembly
- Completed reload, in  1.001 seconds
Platform modules already initialized, skipping
Refreshing native plugins compatible for Editor in 0.30 ms, found 0 plugins.
Preloading 0 native plugins for Editor in 0.00 ms.
Unloading 1133 Unused Serialized files (Serialized files now loaded: 0)
System memory in use before: 63.7 MB.
System memory in use after: 63.7 MB.

Unloading 5 unused Assets to reduce memory usage. Loaded Objects now: 1640.
Total: 2.026300 ms (FindLiveObjects: 0.178800 ms CreateObjectMapping: 0.051700 ms MarkObjects: 1.735200 ms  DeleteObjects: 0.059300 ms)

========================================================================
Received Prepare
Registering precompiled user dll's ...
Registered in 0.000628 seconds.
Begin MonoManager ReloadAssembly
Native extension for WindowsStandalone target not found
Refreshing native plugins compatible for Editor in 0.32 ms, found 0 plugins.
Preloading 0 native plugins for Editor in 0.00 ms.
Invoked RoslynAnalysisRunner static constructor.
RoslynAnalysisRunner will not be running.
RoslynAnalysisRunner has terminated.
Mono: successfully reloaded assembly
- Completed reload, in  1.064 seconds
Platform modules already initialized, skipping
Refreshing native plugins compatible for Editor in 0.30 ms, found 0 plugins.
Preloading 0 native plugins for Editor in 0.00 ms.
Unloading 1133 Unused Serialized files (Serialized files now loaded: 0)
System memory in use before: 63.9 MB.
System memory in use after: 64.0 MB.

Unloading 5 unused Assets to reduce memory usage. Loaded Objects now: 1642.
Total: 2.005600 ms (FindLiveObjects: 0.181900 ms CreateObjectMapping: 0.066300 ms MarkObjects: 1.695700 ms  DeleteObjects: 0.060200 ms)

========================================================================
Received Import Request.
  Time since last request: 1183.690824 seconds.
  path: Assets/MyAssets/Scripts/UI
  artifactKey: Guid(a81f8944be1b511478fb35aa942a92ac) Importer(815301076,1909f56bfc062723c751e8b465ee728b)
Start importing Assets/MyAssets/Scripts/UI using Guid(a81f8944be1b511478fb35aa942a92ac) Importer(815301076,1909f56bfc062723c751e8b465ee728b)  -> (artifact id: '73a1d65ba46b9f819f8a41bac595050d') in 0.009872 seconds
  Import took 0.012443 seconds .

========================================================================
Received Import Request.
  Time since last request: 0.000618 seconds.
  path: Assets/MyAssets/Scripts/UI
  artifactKey: Guid(a81f8944be1b511478fb35aa942a92ac) Importer(815301076,1909f56bfc062723c751e8b465ee728b)
Start importing Assets/MyAssets/Scripts/UI using Guid(a81f8944be1b511478fb35aa942a92ac) Importer(815301076,1909f56bfc062723c751e8b465ee728b)  -> (artifact id: '73a1d65ba46b9f819f8a41bac595050d') in 0.002601 seconds
  Import took 0.004895 seconds .

========================================================================
Received Prepare
Registering precompiled user dll's ...
Registered in 0.000658 seconds.
Begin MonoManager ReloadAssembly
Native extension for WindowsStandalone target not found
Refreshing native plugins compatible for Editor in 0.32 ms, found 0 plugins.
Preloading 0 native plugins for Editor in 0.00 ms.
Invoked RoslynAnalysisRunner static constructor.
RoslynAnalysisRunner will not be running.
RoslynAnalysisRunner has terminated.
Mono: successfully reloaded assembly
- Completed reload, in  1.116 seconds
Platform modules already initialized, skipping
Refreshing native plugins compatible for Editor in 0.33 ms, found 0 plugins.
Preloading 0 native plugins for Editor in 0.00 ms.
Unloading 1134 Unused Serialized files (Serialized files now loaded: 0)
System memory in use before: 64.0 MB.
System memory in use after: 64.1 MB.

Unloading 5 unused Assets to reduce memory usage. Loaded Objects now: 1645.
Total: 2.084400 ms (FindLiveObjects: 0.198400 ms CreateObjectMapping: 0.063300 ms MarkObjects: 1.757600 ms  DeleteObjects: 0.063800 ms)

========================================================================
Received Import Request.
  Time since last request: 11.170956 seconds.
  path: Assets/MyAssets/Scripts/UI/NewBehaviourScript.cs
  artifactKey: Guid(ccd2c460d7974134eb483d975c07edfc) Importer(815301076,1909f56bfc062723c751e8b465ee728b)
Start importing Assets/MyAssets/Scripts/UI/NewBehaviourScript.cs using Guid(ccd2c460d7974134eb483d975c07edfc) Importer(815301076,1909f56bfc062723c751e8b465ee728b)  -> (artifact id: '1404439a095ed42140269ae5e1e69465') in 0.016769 seconds
  Import took 0.019398 seconds .

========================================================================
Received Prepare
Registering precompiled user dll's ...
Registered in 0.000603 seconds.
Begin MonoManager ReloadAssembly
Native extension for WindowsStandalone target not found
Refreshing native plugins compatible for Editor in 0.31 ms, found 0 plugins.
Preloading 0 native plugins for Editor in 0.00 ms.
Invoked RoslynAnalysisRunner static constructor.
RoslynAnalysisRunner will not be running.
RoslynAnalysisRunner has terminated.
Mono: successfully reloaded assembly
- Completed reload, in  1.057 seconds
Platform modules already initialized, skipping
Refreshing native plugins compatible for Editor in 0.30 ms, found 0 plugins.
Preloading 0 native plugins for Editor in 0.00 ms.
Unloading 1133 Unused Serialized files (Serialized files now loaded: 0)
System memory in use before: 63.5 MB.
System memory in use after: 63.6 MB.

Unloading 6 unused Assets to reduce memory usage. Loaded Objects now: 1646.
Total: 1.863600 ms (FindLiveObjects: 0.157500 ms CreateObjectMapping: 0.049100 ms MarkObjects: 1.595800 ms  DeleteObjects: 0.060100 ms)

========================================================================
Received Import Request.
  Time since last request: 19.999316 seconds.
  path: Assets/MyAssets/Scripts/UI/CrossHairUI.cs
  artifactKey: Guid(b4953ee5edfd3404d9b90e8830704038) Importer(815301076,1909f56bfc062723c751e8b465ee728b)
Start importing Assets/MyAssets/Scripts/UI/CrossHairUI.cs using Guid(b4953ee5edfd3404d9b90e8830704038) Importer(815301076,1909f56bfc062723c751e8b465ee728b)  -> (artifact id: 'd5a26571320a2d6008e0f94477396b0d') in 0.009580 seconds
  Import took 0.012016 seconds .

========================================================================
Received Import Request.
  Time since last request: 0.007616 seconds.
  path: Assets/MyAssets/Scripts/UI/CrossHairUI.cs
  artifactKey: Guid(b4953ee5edfd3404d9b90e8830704038) Importer(815301076,1909f56bfc062723c751e8b465ee728b)
Start importing Assets/MyAssets/Scripts/UI/CrossHairUI.cs using Guid(b4953ee5edfd3404d9b90e8830704038) Importer(815301076,1909f56bfc062723c751e8b465ee728b)  -> (artifact id: 'd5a26571320a2d6008e0f94477396b0d') in 0.002424 seconds
  Import took 0.004841 seconds .

========================================================================
Received Prepare
Registering precompiled user dll's ...
Registered in 0.000630 seconds.
Begin MonoManager ReloadAssembly
Native extension for WindowsStandalone target not found
Refreshing native plugins compatible for Editor in 0.31 ms, found 0 plugins.
Preloading 0 native plugins for Editor in 0.00 ms.
Invoked RoslynAnalysisRunner static constructor.
RoslynAnalysisRunner will not be running.
RoslynAnalysisRunner has terminated.
Mono: successfully reloaded assembly
- Completed reload, in  1.037 seconds
Platform modules already initialized, skipping
Refreshing native plugins compatible for Editor in 0.31 ms, found 0 plugins.
Preloading 0 native plugins for Editor in 0.00 ms.
Unloading 1134 Unused Serialized files (Serialized files now loaded: 0)
System memory in use before: 63.8 MB.
System memory in use after: 63.9 MB.

Unloading 5 unused Assets to reduce memory usage. Loaded Objects now: 1649.
Total: 1.805800 ms (FindLiveObjects: 0.155700 ms CreateObjectMapping: 0.045100 ms MarkObjects: 1.540000 ms  DeleteObjects: 0.063500 ms)

========================================================================
Received Prepare
Registering precompiled user dll's ...
Registered in 0.000620 seconds.
Begin MonoManager ReloadAssembly
Native extension for WindowsStandalone target not found
Refreshing native plugins compatible for Editor in 0.34 ms, found 0 plugins.
Preloading 0 native plugins for Editor in 0.00 ms.
Invoked RoslynAnalysisRunner static constructor.
RoslynAnalysisRunner will not be running.
RoslynAnalysisRunner has terminated.
Mono: successfully reloaded assembly
- Completed reload, in  1.027 seconds
Platform modules already initialized, skipping
Refreshing native plugins compatible for Editor in 0.32 ms, found 0 plugins.
Preloading 0 native plugins for Editor in 0.00 ms.
Unloading 1134 Unused Serialized files (Serialized files now loaded: 0)
System memory in use before: 64.1 MB.
System memory in use after: 64.1 MB.

Unloading 5 unused Assets to reduce memory usage. Loaded Objects now: 1651.
Total: 1.889900 ms (FindLiveObjects: 0.160100 ms CreateObjectMapping: 0.047500 ms MarkObjects: 1.619000 ms  DeleteObjects: 0.062100 ms)

========================================================================
Received Prepare
Registering precompiled user dll's ...
Registered in 0.000788 seconds.
Begin MonoManager ReloadAssembly
Native extension for WindowsStandalone target not found
Refreshing native plugins compatible for Editor in 0.30 ms, found 0 plugins.
Preloading 0 native plugins for Editor in 0.00 ms.
Invoked RoslynAnalysisRunner static constructor.
RoslynAnalysisRunner will not be running.
RoslynAnalysisRunner has terminated.
Mono: successfully reloaded assembly
- Completed reload, in  1.013 seconds
Platform modules already initialized, skipping
Refreshing native plugins compatible for Editor in 0.37 ms, found 0 plugins.
Preloading 0 native plugins for Editor in 0.00 ms.
Unloading 1134 Unused Serialized files (Serialized files now loaded: 0)
System memory in use before: 63.4 MB.
System memory in use after: 63.4 MB.

Unloading 5 unused Assets to reduce memory usage. Loaded Objects now: 1653.
Total: 1.848600 ms (FindLiveObjects: 0.153900 ms CreateObjectMapping: 0.046700 ms MarkObjects: 1.585900 ms  DeleteObjects: 0.060700 ms)

========================================================================
Received Prepare
Registering precompiled user dll's ...
Registered in 0.000533 seconds.
Begin MonoManager ReloadAssembly
Native extension for WindowsStandalone target not found
Refreshing native plugins compatible for Editor in 0.24 ms, found 0 plugins.
Preloading 0 native plugins for Editor in 0.00 ms.
Invoked RoslynAnalysisRunner static constructor.
RoslynAnalysisRunner will not be running.
RoslynAnalysisRunner has terminated.
Mono: successfully reloaded assembly
- Completed reload, in  0.684 seconds
Platform modules already initialized, skipping
Refreshing native plugins compatible for Editor in 0.30 ms, found 0 plugins.
Preloading 0 native plugins for Editor in 0.00 ms.
Unloading 1134 Unused Serialized files (Serialized files now loaded: 0)
System memory in use before: 63.6 MB.
System memory in use after: 63.7 MB.

Unloading 5 unused Assets to reduce memory usage. Loaded Objects now: 1655.
Total: 1.373400 ms (FindLiveObjects: 0.134500 ms CreateObjectMapping: 0.037900 ms MarkObjects: 1.155900 ms  DeleteObjects: 0.044300 ms)

========================================================================
Received Import Request.
  Time since last request: 567.726399 seconds.
  path: Assets/MyAssets/Scripts/weapons/AssultRifle.cs
  artifactKey: Guid(efc5f27572215214dbe5a713fe3e9a6f) Importer(815301076,1909f56bfc062723c751e8b465ee728b)
Start importing Assets/MyAssets/Scripts/weapons/AssultRifle.cs using Guid(efc5f27572215214dbe5a713fe3e9a6f) Importer(815301076,1909f56bfc062723c751e8b465ee728b)  -> (artifact id: '3ddb77344bc9c4b72fb2b34603a3ba84') in 0.006735 seconds
  Import took 0.008594 seconds .

========================================================================
Received Import Request.
  Time since last request: 0.048707 seconds.
  path: Assets/MyAssets/Scripts/weapons/AssultRifle.cs
  artifactKey: Guid(efc5f27572215214dbe5a713fe3e9a6f) Importer(815301076,1909f56bfc062723c751e8b465ee728b)
Start importing Assets/MyAssets/Scripts/weapons/AssultRifle.cs using Guid(efc5f27572215214dbe5a713fe3e9a6f) Importer(815301076,1909f56bfc062723c751e8b465ee728b)  -> (artifact id: '3ddb77344bc9c4b72fb2b34603a3ba84') in 0.001731 seconds
  Import took 0.003374 seconds .

========================================================================
Received Prepare
Registering precompiled user dll's ...
Registered in 0.000621 seconds.
Begin MonoManager ReloadAssembly
Native extension for WindowsStandalone target not found
Refreshing native plugins compatible for Editor in 0.30 ms, found 0 plugins.
Preloading 0 native plugins for Editor in 0.00 ms.
Invoked RoslynAnalysisRunner static constructor.
RoslynAnalysisRunner will not be running.
RoslynAnalysisRunner has terminated.
Mono: successfully reloaded assembly
- Completed reload, in  1.005 seconds
Platform modules already initialized, skipping
Refreshing native plugins compatible for Editor in 0.30 ms, found 0 plugins.
Preloading 0 native plugins for Editor in 0.00 ms.
Unloading 1134 Unused Serialized files (Serialized files now loaded: 0)
System memory in use before: 63.9 MB.
System memory in use after: 64.0 MB.

Unloading 5 unused Assets to reduce memory usage. Loaded Objects now: 1657.
Total: 2.032500 ms (FindLiveObjects: 0.174100 ms CreateObjectMapping: 0.059200 ms MarkObjects: 1.736000 ms  DeleteObjects: 0.061900 ms)

========================================================================
Received Prepare
Registering precompiled user dll's ...
Registered in 0.000599 seconds.
Begin MonoManager ReloadAssembly
Native extension for WindowsStandalone target not found
Refreshing native plugins compatible for Editor in 0.31 ms, found 0 plugins.
Preloading 0 native plugins for Editor in 0.00 ms.
Invoked RoslynAnalysisRunner static constructor.
RoslynAnalysisRunner will not be running.
RoslynAnalysisRunner has terminated.
Mono: successfully reloaded assembly
- Completed reload, in  1.014 seconds
Platform modules already initialized, skipping
Refreshing native plugins compatible for Editor in 0.31 ms, found 0 plugins.
Preloading 0 native plugins for Editor in 0.00 ms.
Unloading 1134 Unused Serialized files (Serialized files now loaded: 0)
System memory in use before: 64.1 MB.
System memory in use after: 64.2 MB.

Unloading 5 unused Assets to reduce memory usage. Loaded Objects now: 1659.
Total: 1.852100 ms (FindLiveObjects: 0.155600 ms CreateObjectMapping: 0.046900 ms MarkObjects: 1.590400 ms  DeleteObjects: 0.058100 ms)

========================================================================
Received Prepare
Registering precompiled user dll's ...
Registered in 0.000674 seconds.
Begin MonoManager ReloadAssembly
Native extension for WindowsStandalone target not found
Refreshing native plugins compatible for Editor in 0.31 ms, found 0 plugins.
Preloading 0 native plugins for Editor in 0.00 ms.
Invoked RoslynAnalysisRunner static constructor.
RoslynAnalysisRunner will not be running.
RoslynAnalysisRunner has terminated.
Mono: successfully reloaded assembly
- Completed reload, in  1.009 seconds
Platform modules already initialized, skipping
Refreshing native plugins compatible for Editor in 0.30 ms, found 0 plugins.
Preloading 0 native plugins for Editor in 0.00 ms.
Unloading 1134 Unused Serialized files (Serialized files now loaded: 0)
System memory in use before: 63.5 MB.
System memory in use after: 63.6 MB.

Unloading 5 unused Assets to reduce memory usage. Loaded Objects now: 1661.
Total: 1.809600 ms (FindLiveObjects: 0.153900 ms CreateObjectMapping: 0.045100 ms MarkObjects: 1.548800 ms  DeleteObjects: 0.060800 ms)

========================================================================
Received Prepare
Registering precompiled user dll's ...
Registered in 0.000752 seconds.
Begin MonoManager ReloadAssembly
Native extension for WindowsStandalone target not found
Refreshing native plugins compatible for Editor in 0.30 ms, found 0 plugins.
Preloading 0 native plugins for Editor in 0.00 ms.
Invoked RoslynAnalysisRunner static constructor.
RoslynAnalysisRunner will not be running.
RoslynAnalysisRunner has terminated.
Mono: successfully reloaded assembly
- Completed reload, in  1.037 seconds
Platform modules already initialized, skipping
Refreshing native plugins compatible for Editor in 0.32 ms, found 0 plugins.
Preloading 0 native plugins for Editor in 0.00 ms.
Unloading 1134 Unused Serialized files (Serialized files now loaded: 0)
System memory in use before: 63.8 MB.
System memory in use after: 63.8 MB.

Unloading 5 unused Assets to reduce memory usage. Loaded Objects now: 1663.
Total: 2.699200 ms (FindLiveObjects: 0.181700 ms CreateObjectMapping: 0.053300 ms MarkObjects: 2.397400 ms  DeleteObjects: 0.065000 ms)

========================================================================
Received Prepare
Registering precompiled user dll's ...
Registered in 0.000462 seconds.
Begin MonoManager ReloadAssembly
Native extension for WindowsStandalone target not found
Refreshing native plugins compatible for Editor in 0.23 ms, found 0 plugins.
Preloading 0 native plugins for Editor in 0.00 ms.
Invoked RoslynAnalysisRunner static constructor.
RoslynAnalysisRunner will not be running.
RoslynAnalysisRunner has terminated.
Mono: successfully reloaded assembly
- Completed reload, in  0.662 seconds
Platform modules already initialized, skipping
Refreshing native plugins compatible for Editor in 0.26 ms, found 0 plugins.
Preloading 0 native plugins for Editor in 0.00 ms.
Unloading 1134 Unused Serialized files (Serialized files now loaded: 0)
System memory in use before: 64.0 MB.
System memory in use after: 64.1 MB.

Unloading 5 unused Assets to reduce memory usage. Loaded Objects now: 1665.
Total: 1.466400 ms (FindLiveObjects: 0.184100 ms CreateObjectMapping: 0.045700 ms MarkObjects: 1.188100 ms  DeleteObjects: 0.047300 ms)

========================================================================
Received Prepare
Registering precompiled user dll's ...
Registered in 0.000629 seconds.
Begin MonoManager ReloadAssembly
Native extension for WindowsStandalone target not found
Refreshing native plugins compatible for Editor in 0.29 ms, found 0 plugins.
Preloading 0 native plugins for Editor in 0.00 ms.
Invoked RoslynAnalysisRunner static constructor.
RoslynAnalysisRunner will not be running.
RoslynAnalysisRunner has terminated.
Mono: successfully reloaded assembly
- Completed reload, in  0.862 seconds
Platform modules already initialized, skipping
Refreshing native plugins compatible for Editor in 0.42 ms, found 0 plugins.
Preloading 0 native plugins for Editor in 0.00 ms.
Unloading 1134 Unused Serialized files (Serialized files now loaded: 0)
System memory in use before: 64.1 MB.
System memory in use after: 64.2 MB.

Unloading 5 unused Assets to reduce memory usage. Loaded Objects now: 1667.
Total: 2.278900 ms (FindLiveObjects: 0.398300 ms CreateObjectMapping: 0.141400 ms MarkObjects: 1.664600 ms  DeleteObjects: 0.072100 ms)

========================================================================
Received Prepare
Registering precompiled user dll's ...
Registered in 0.000538 seconds.
Begin MonoManager ReloadAssembly
Native extension for WindowsStandalone target not found
Refreshing native plugins compatible for Editor in 0.25 ms, found 0 plugins.
Preloading 0 native plugins for Editor in 0.00 ms.
Invoked RoslynAnalysisRunner static constructor.
RoslynAnalysisRunner will not be running.
RoslynAnalysisRunner has terminated.
Mono: successfully reloaded assembly
- Completed reload, in  0.711 seconds
Platform modules already initialized, skipping
Refreshing native plugins compatible for Editor in 0.22 ms, found 0 plugins.
Preloading 0 native plugins for Editor in 0.00 ms.
Unloading 1134 Unused Serialized files (Serialized files now loaded: 0)
System memory in use before: 63.6 MB.
System memory in use after: 63.7 MB.

Unloading 5 unused Assets to reduce memory usage. Loaded Objects now: 1669.
Total: 1.341100 ms (FindLiveObjects: 0.126100 ms CreateObjectMapping: 0.034300 ms MarkObjects: 1.134800 ms  DeleteObjects: 0.045000 ms)

========================================================================
Received Prepare
Registering precompiled user dll's ...
Registered in 0.000509 seconds.
Begin MonoManager ReloadAssembly
Native extension for WindowsStandalone target not found
Refreshing native plugins compatible for Editor in 0.24 ms, found 0 plugins.
Preloading 0 native plugins for Editor in 0.00 ms.
Invoked RoslynAnalysisRunner static constructor.
RoslynAnalysisRunner will not be running.
RoslynAnalysisRunner has terminated.
Mono: successfully reloaded assembly
- Completed reload, in  0.685 seconds
Platform modules already initialized, skipping
Refreshing native plugins compatible for Editor in 0.22 ms, found 0 plugins.
Preloading 0 native plugins for Editor in 0.00 ms.
Unloading 1134 Unused Serialized files (Serialized files now loaded: 0)
System memory in use before: 63.9 MB.
System memory in use after: 63.9 MB.

Unloading 5 unused Assets to reduce memory usage. Loaded Objects now: 1671.
Total: 1.628000 ms (FindLiveObjects: 0.124000 ms CreateObjectMapping: 0.032300 ms MarkObjects: 1.416200 ms  DeleteObjects: 0.054400 ms)

========================================================================
Received Prepare
Registering precompiled user dll's ...
Registered in 0.000441 seconds.
Begin MonoManager ReloadAssembly
Native extension for WindowsStandalone target not found
Refreshing native plugins compatible for Editor in 0.22 ms, found 0 plugins.
Preloading 0 native plugins for Editor in 0.00 ms.
Invoked RoslynAnalysisRunner static constructor.
RoslynAnalysisRunner will not be running.
RoslynAnalysisRunner has terminated.
Mono: successfully reloaded assembly
- Completed reload, in  0.661 seconds
Platform modules already initialized, skipping
Refreshing native plugins compatible for Editor in 0.23 ms, found 0 plugins.
Preloading 0 native plugins for Editor in 0.00 ms.
Unloading 1134 Unused Serialized files (Serialized files now loaded: 0)
System memory in use before: 64.1 MB.
System memory in use after: 64.2 MB.

Unloading 5 unused Assets to reduce memory usage. Loaded Objects now: 1673.
Total: 1.481800 ms (FindLiveObjects: 0.154700 ms CreateObjectMapping: 0.050800 ms MarkObjects: 1.226900 ms  DeleteObjects: 0.048400 ms)

========================================================================
Received Prepare
Registering precompiled user dll's ...
Registered in 0.000456 seconds.
Begin MonoManager ReloadAssembly
Native extension for WindowsStandalone target not found
Refreshing native plugins compatible for Editor in 0.22 ms, found 0 plugins.
Preloading 0 native plugins for Editor in 0.00 ms.
Invoked RoslynAnalysisRunner static constructor.
RoslynAnalysisRunner will not be running.
RoslynAnalysisRunner has terminated.
Mono: successfully reloaded assembly
- Completed reload, in  0.683 seconds
Platform modules already initialized, skipping
Refreshing native plugins compatible for Editor in 0.22 ms, found 0 plugins.
Preloading 0 native plugins for Editor in 0.00 ms.
Unloading 1134 Unused Serialized files (Serialized files now loaded: 0)
System memory in use before: 63.4 MB.
System memory in use after: 63.5 MB.

Unloading 5 unused Assets to reduce memory usage. Loaded Objects now: 1675.
Total: 1.387100 ms (FindLiveObjects: 0.146800 ms CreateObjectMapping: 0.040500 ms MarkObjects: 1.148400 ms  DeleteObjects: 0.050000 ms)

========================================================================
Received Prepare
Registering precompiled user dll's ...
Registered in 0.000628 seconds.
Begin MonoManager ReloadAssembly
Native extension for WindowsStandalone target not found
Refreshing native plugins compatible for Editor in 0.31 ms, found 0 plugins.
Preloading 0 native plugins for Editor in 0.00 ms.
Invoked RoslynAnalysisRunner static constructor.
RoslynAnalysisRunner will not be running.
RoslynAnalysisRunner has terminated.
Mono: successfully reloaded assembly
- Completed reload, in  1.001 seconds
Platform modules already initialized, skipping
Refreshing native plugins compatible for Editor in 0.30 ms, found 0 plugins.
Preloading 0 native plugins for Editor in 0.00 ms.
Unloading 1134 Unused Serialized files (Serialized files now loaded: 0)
System memory in use before: 63.7 MB.
System memory in use after: 63.8 MB.

Unloading 5 unused Assets to reduce memory usage. Loaded Objects now: 1677.
Total: 1.813900 ms (FindLiveObjects: 0.163900 ms CreateObjectMapping: 0.046900 ms MarkObjects: 1.543400 ms  DeleteObjects: 0.058400 ms)

========================================================================
Received Prepare
Registering precompiled user dll's ...
Registered in 0.000613 seconds.
Begin MonoManager ReloadAssembly
Native extension for WindowsStandalone target not found
Refreshing native plugins compatible for Editor in 0.31 ms, found 0 plugins.
Preloading 0 native plugins for Editor in 0.00 ms.
Invoked RoslynAnalysisRunner static constructor.
RoslynAnalysisRunner will not be running.
RoslynAnalysisRunner has terminated.
Mono: successfully reloaded assembly
- Completed reload, in  1.010 seconds
Platform modules already initialized, skipping
Refreshing native plugins compatible for Editor in 0.31 ms, found 0 plugins.
Preloading 0 native plugins for Editor in 0.00 ms.
Unloading 1134 Unused Serialized files (Serialized files now loaded: 0)
System memory in use before: 64.0 MB.
System memory in use after: 64.1 MB.

Unloading 5 unused Assets to reduce memory usage. Loaded Objects now: 1679.
Total: 1.954100 ms (FindLiveObjects: 0.168000 ms CreateObjectMapping: 0.052300 ms MarkObjects: 1.674700 ms  DeleteObjects: 0.057900 ms)

========================================================================
Received Prepare
Registering precompiled user dll's ...
Registered in 0.000669 seconds.
Begin MonoManager ReloadAssembly
Native extension for WindowsStandalone target not found
Refreshing native plugins compatible for Editor in 0.37 ms, found 0 plugins.
Preloading 0 native plugins for Editor in 0.00 ms.
Invoked RoslynAnalysisRunner static constructor.
RoslynAnalysisRunner will not be running.
RoslynAnalysisRunner has terminated.
Mono: successfully reloaded assembly
- Completed reload, in  1.046 seconds
Platform modules already initialized, skipping
Refreshing native plugins compatible for Editor in 0.32 ms, found 0 plugins.
Preloading 0 native plugins for Editor in 0.00 ms.
Unloading 1134 Unused Serialized files (Serialized files now loaded: 0)
System memory in use before: 64.2 MB.
System memory in use after: 64.2 MB.

Unloading 5 unused Assets to reduce memory usage. Loaded Objects now: 1681.
Total: 2.239800 ms (FindLiveObjects: 0.153500 ms CreateObjectMapping: 0.042800 ms MarkObjects: 1.967700 ms  DeleteObjects: 0.073900 ms)

========================================================================
Received Import Request.
  Time since last request: 10049.665033 seconds.
  path: Assets/MyAssets/Scripts/weapons/AssultRifle.cs
  artifactKey: Guid(efc5f27572215214dbe5a713fe3e9a6f) Importer(815301076,1909f56bfc062723c751e8b465ee728b)
Start importing Assets/MyAssets/Scripts/weapons/AssultRifle.cs using Guid(efc5f27572215214dbe5a713fe3e9a6f) Importer(815301076,1909f56bfc062723c751e8b465ee728b)  -> (artifact id: '757a3e4582e0b673dc792a3f64a84814') in 0.011909 seconds
  Import took 0.022380 seconds .

========================================================================
Received Prepare
Registering precompiled user dll's ...
Registered in 0.000633 seconds.
Begin MonoManager ReloadAssembly
Native extension for WindowsStandalone target not found
Refreshing native plugins compatible for Editor in 0.30 ms, found 0 plugins.
Preloading 0 native plugins for Editor in 0.00 ms.
Invoked RoslynAnalysisRunner static constructor.
RoslynAnalysisRunner will not be running.
RoslynAnalysisRunner has terminated.
Mono: successfully reloaded assembly
- Completed reload, in  0.994 seconds
Platform modules already initialized, skipping
Refreshing native plugins compatible for Editor in 0.30 ms, found 0 plugins.
Preloading 0 native plugins for Editor in 0.00 ms.
Unloading 1134 Unused Serialized files (Serialized files now loaded: 0)
System memory in use before: 63.5 MB.
System memory in use after: 63.6 MB.

Unloading 5 unused Assets to reduce memory usage. Loaded Objects now: 1683.
Total: 1.880800 ms (FindLiveObjects: 0.164700 ms CreateObjectMapping: 0.049100 ms MarkObjects: 1.602700 ms  DeleteObjects: 0.062800 ms)

========================================================================
Received Import Request.
  Time since last request: 290.387975 seconds.
  path: Assets/MyAssets/Scripts/weapons/AssultRifle.cs
  artifactKey: Guid(efc5f27572215214dbe5a713fe3e9a6f) Importer(815301076,1909f56bfc062723c751e8b465ee728b)
Start importing Assets/MyAssets/Scripts/weapons/AssultRifle.cs using Guid(efc5f27572215214dbe5a713fe3e9a6f) Importer(815301076,1909f56bfc062723c751e8b465ee728b)  -> (artifact id: '6c5fb60b7a1e49602747182740cb1bd9') in 0.004543 seconds
  Import took 0.009841 seconds .

========================================================================
Received Prepare
Registering precompiled user dll's ...
Registered in 0.000825 seconds.
Begin MonoManager ReloadAssembly
Native extension for WindowsStandalone target not found
Refreshing native plugins compatible for Editor in 0.61 ms, found 0 plugins.
Preloading 0 native plugins for Editor in 0.00 ms.
Invoked RoslynAnalysisRunner static constructor.
RoslynAnalysisRunner will not be running.
RoslynAnalysisRunner has terminated.
Mono: successfully reloaded assembly
- Completed reload, in  1.275 seconds
Platform modules already initialized, skipping
Refreshing native plugins compatible for Editor in 0.31 ms, found 0 plugins.
Preloading 0 native plugins for Editor in 0.00 ms.
Unloading 1134 Unused Serialized files (Serialized files now loaded: 0)
System memory in use before: 63.8 MB.
System memory in use after: 63.9 MB.

Unloading 5 unused Assets to reduce memory usage. Loaded Objects now: 1685.
Total: 2.488800 ms (FindLiveObjects: 0.175100 ms CreateObjectMapping: 0.055400 ms MarkObjects: 2.185200 ms  DeleteObjects: 0.071500 ms)

========================================================================
Received Prepare
Registering precompiled user dll's ...
Registered in 0.000580 seconds.
Begin MonoManager ReloadAssembly
Native extension for WindowsStandalone target not found
Refreshing native plugins compatible for Editor in 0.32 ms, found 0 plugins.
Preloading 0 native plugins for Editor in 0.00 ms.
Invoked RoslynAnalysisRunner static constructor.
RoslynAnalysisRunner will not be running.
RoslynAnalysisRunner has terminated.
Mono: successfully reloaded assembly
- Completed reload, in  1.031 seconds
Platform modules already initialized, skipping
Refreshing native plugins compatible for Editor in 0.34 ms, found 0 plugins.
Preloading 0 native plugins for Editor in 0.00 ms.
Unloading 1134 Unused Serialized files (Serialized files now loaded: 0)
System memory in use before: 64.1 MB.
System memory in use after: 64.2 MB.

Unloading 5 unused Assets to reduce memory usage. Loaded Objects now: 1687.
Total: 1.829300 ms (FindLiveObjects: 0.155700 ms CreateObjectMapping: 0.045700 ms MarkObjects: 1.568600 ms  DeleteObjects: 0.057900 ms)

========================================================================
Received Import Request.
  Time since last request: 143.727586 seconds.
  path: Assets/MyAssets/Scripts/weapons/AssultRifle.cs
  artifactKey: Guid(efc5f27572215214dbe5a713fe3e9a6f) Importer(815301076,1909f56bfc062723c751e8b465ee728b)
Start importing Assets/MyAssets/Scripts/weapons/AssultRifle.cs using Guid(efc5f27572215214dbe5a713fe3e9a6f) Importer(815301076,1909f56bfc062723c751e8b465ee728b)  -> (artifact id: '74840d57dc023676b285f94c0df1fdf5') in 0.004466 seconds
  Import took 0.006817 seconds .

========================================================================
Received Prepare
Registering precompiled user dll's ...
Registered in 0.000527 seconds.
Begin MonoManager ReloadAssembly
Native extension for WindowsStandalone target not found
Refreshing native plugins compatible for Editor in 0.33 ms, found 0 plugins.
Preloading 0 native plugins for Editor in 0.00 ms.
Invoked RoslynAnalysisRunner static constructor.
RoslynAnalysisRunner will not be running.
RoslynAnalysisRunner has terminated.
Mono: successfully reloaded assembly
- Completed reload, in  1.003 seconds
Platform modules already initialized, skipping
Refreshing native plugins compatible for Editor in 0.31 ms, found 0 plugins.
Preloading 0 native plugins for Editor in 0.00 ms.
Unloading 1134 Unused Serialized files (Serialized files now loaded: 0)
System memory in use before: 64.2 MB.
System memory in use after: 64.3 MB.

Unloading 5 unused Assets to reduce memory usage. Loaded Objects now: 1689.
Total: 1.786300 ms (FindLiveObjects: 0.156100 ms CreateObjectMapping: 0.048400 ms MarkObjects: 1.523700 ms  DeleteObjects: 0.056900 ms)

========================================================================
Received Import Request.
  Time since last request: 87.058844 seconds.
  path: Assets/MyAssets/Scripts/weapons/AssultRifle.cs
  artifactKey: Guid(efc5f27572215214dbe5a713fe3e9a6f) Importer(815301076,1909f56bfc062723c751e8b465ee728b)
Start importing Assets/MyAssets/Scripts/weapons/AssultRifle.cs using Guid(efc5f27572215214dbe5a713fe3e9a6f) Importer(815301076,1909f56bfc062723c751e8b465ee728b)  -> (artifact id: '730a122c8ae28ad838567437c5436987') in 0.004393 seconds
  Import took 0.009549 seconds .

========================================================================
Received Prepare
Registering precompiled user dll's ...
Registered in 0.001126 seconds.
Begin MonoManager ReloadAssembly
Native extension for WindowsStandalone target not found
Refreshing native plugins compatible for Editor in 0.36 ms, found 0 plugins.
Preloading 0 native plugins for Editor in 0.00 ms.
Invoked RoslynAnalysisRunner static constructor.
RoslynAnalysisRunner will not be running.
RoslynAnalysisRunner has terminated.
Mono: successfully reloaded assembly
- Completed reload, in  1.199 seconds
Platform modules already initialized, skipping
Refreshing native plugins compatible for Editor in 0.48 ms, found 0 plugins.
Preloading 0 native plugins for Editor in 0.00 ms.
Unloading 1134 Unused Serialized files (Serialized files now loaded: 0)
System memory in use before: 63.7 MB.
System memory in use after: 63.7 MB.

Unloading 5 unused Assets to reduce memory usage. Loaded Objects now: 1691.
Total: 2.454700 ms (FindLiveObjects: 0.173200 ms CreateObjectMapping: 0.090300 ms MarkObjects: 2.122500 ms  DeleteObjects: 0.066900 ms)

========================================================================
Received Prepare
Registering precompiled user dll's ...
Registered in 0.000609 seconds.
Begin MonoManager ReloadAssembly
Native extension for WindowsStandalone target not found
Refreshing native plugins compatible for Editor in 0.31 ms, found 0 plugins.
Preloading 0 native plugins for Editor in 0.00 ms.
Invoked RoslynAnalysisRunner static constructor.
RoslynAnalysisRunner will not be running.
RoslynAnalysisRunner has terminated.
Mono: successfully reloaded assembly
- Completed reload, in  1.001 seconds
Platform modules already initialized, skipping
Refreshing native plugins compatible for Editor in 0.30 ms, found 0 plugins.
Preloading 0 native plugins for Editor in 0.00 ms.
Unloading 1134 Unused Serialized files (Serialized files now loaded: 0)
System memory in use before: 63.9 MB.
System memory in use after: 64.0 MB.

Unloading 5 unused Assets to reduce memory usage. Loaded Objects now: 1693.
Total: 1.859100 ms (FindLiveObjects: 0.173000 ms CreateObjectMapping: 0.049200 ms MarkObjects: 1.579300 ms  DeleteObjects: 0.056500 ms)

========================================================================
Received Import Request.
  Time since last request: 261.025241 seconds.
  path: Assets/MyAssets/Scripts/weapons/AssultRifle.cs
  artifactKey: Guid(efc5f27572215214dbe5a713fe3e9a6f) Importer(815301076,1909f56bfc062723c751e8b465ee728b)
Start importing Assets/MyAssets/Scripts/weapons/AssultRifle.cs using Guid(efc5f27572215214dbe5a713fe3e9a6f) Importer(815301076,1909f56bfc062723c751e8b465ee728b)  -> (artifact id: 'fd6735807aff4b0b70809221e15b6c0e') in 0.004517 seconds
  Import took 0.007163 seconds .

========================================================================
Received Prepare
Registering precompiled user dll's ...
Registered in 0.000611 seconds.
Begin MonoManager ReloadAssembly
Native extension for WindowsStandalone target not found
Refreshing native plugins compatible for Editor in 0.30 ms, found 0 plugins.
Preloading 0 native plugins for Editor in 0.00 ms.
Invoked RoslynAnalysisRunner static constructor.
RoslynAnalysisRunner will not be running.
RoslynAnalysisRunner has terminated.
Mono: successfully reloaded assembly
- Completed reload, in  1.013 seconds
Platform modules already initialized, skipping
Refreshing native plugins compatible for Editor in 0.30 ms, found 0 plugins.
Preloading 0 native plugins for Editor in 0.00 ms.
Unloading 1134 Unused Serialized files (Serialized files now loaded: 0)
System memory in use before: 64.2 MB.
System memory in use after: 64.3 MB.

Unloading 5 unused Assets to reduce memory usage. Loaded Objects now: 1695.
Total: 1.922100 ms (FindLiveObjects: 0.159600 ms CreateObjectMapping: 0.045200 ms MarkObjects: 1.657800 ms  DeleteObjects: 0.058300 ms)

========================================================================
Received Import Request.
  Time since last request: 435.318074 seconds.
  path: Assets/MyAssets/Scripts/weapons/AssultRifle.cs
  artifactKey: Guid(efc5f27572215214dbe5a713fe3e9a6f) Importer(815301076,1909f56bfc062723c751e8b465ee728b)
Start importing Assets/MyAssets/Scripts/weapons/AssultRifle.cs using Guid(efc5f27572215214dbe5a713fe3e9a6f) Importer(815301076,1909f56bfc062723c751e8b465ee728b)  -> (artifact id: '2450f56cae231459c60b4cbc45f77e2f') in 0.004560 seconds
  Import took 0.009564 seconds .

========================================================================
Received Prepare
Registering precompiled user dll's ...
Registered in 0.000614 seconds.
Begin MonoManager ReloadAssembly
Native extension for WindowsStandalone target not found
Refreshing native plugins compatible for Editor in 0.33 ms, found 0 plugins.
Preloading 0 native plugins for Editor in 0.00 ms.
Invoked RoslynAnalysisRunner static constructor.
RoslynAnalysisRunner will not be running.
RoslynAnalysisRunner has terminated.
Mono: successfully reloaded assembly
- Completed reload, in  1.012 seconds
Platform modules already initialized, skipping
Refreshing native plugins compatible for Editor in 0.31 ms, found 0 plugins.
Preloading 0 native plugins for Editor in 0.00 ms.
Unloading 1134 Unused Serialized files (Serialized files now loaded: 0)
System memory in use before: 63.5 MB.
System memory in use after: 63.6 MB.

Unloading 5 unused Assets to reduce memory usage. Loaded Objects now: 1697.
Total: 1.913000 ms (FindLiveObjects: 0.173600 ms CreateObjectMapping: 0.052600 ms MarkObjects: 1.622500 ms  DeleteObjects: 0.062900 ms)

========================================================================
Received Import Request.
  Time since last request: 69.431510 seconds.
  path: Assets/MyAssets/Scripts/weapons/AssultRifle.cs
  artifactKey: Guid(efc5f27572215214dbe5a713fe3e9a6f) Importer(815301076,1909f56bfc062723c751e8b465ee728b)
Start importing Assets/MyAssets/Scripts/weapons/AssultRifle.cs using Guid(efc5f27572215214dbe5a713fe3e9a6f) Importer(815301076,1909f56bfc062723c751e8b465ee728b)  -> (artifact id: 'b6565f4570fcef8c0d03495e3ac2183b') in 0.004580 seconds
  Import took 0.007598 seconds .

========================================================================
Received Prepare
Registering precompiled user dll's ...
Registered in 0.000592 seconds.
Begin MonoManager ReloadAssembly
Native extension for WindowsStandalone target not found
Refreshing native plugins compatible for Editor in 0.30 ms, found 0 plugins.
Preloading 0 native plugins for Editor in 0.00 ms.
Invoked RoslynAnalysisRunner static constructor.
RoslynAnalysisRunner will not be running.
RoslynAnalysisRunner has terminated.
Mono: successfully reloaded assembly
- Completed reload, in  0.998 seconds
Platform modules already initialized, skipping
Refreshing native plugins compatible for Editor in 0.30 ms, found 0 plugins.
Preloading 0 native plugins for Editor in 0.00 ms.
Unloading 1134 Unused Serialized files (Serialized files now loaded: 0)
System memory in use before: 63.8 MB.
System memory in use after: 63.9 MB.

Unloading 5 unused Assets to reduce memory usage. Loaded Objects now: 1699.
Total: 2.019900 ms (FindLiveObjects: 0.191200 ms CreateObjectMapping: 0.052200 ms MarkObjects: 1.715500 ms  DeleteObjects: 0.059700 ms)

========================================================================
Received Prepare
Registering precompiled user dll's ...
Registered in 0.000602 seconds.
Begin MonoManager ReloadAssembly
Native extension for WindowsStandalone target not found
Refreshing native plugins compatible for Editor in 0.29 ms, found 0 plugins.
Preloading 0 native plugins for Editor in 0.00 ms.
Invoked RoslynAnalysisRunner static constructor.
RoslynAnalysisRunner will not be running.
RoslynAnalysisRunner has terminated.
Mono: successfully reloaded assembly
- Completed reload, in  0.996 seconds
Platform modules already initialized, skipping
Refreshing native plugins compatible for Editor in 0.30 ms, found 0 plugins.
Preloading 0 native plugins for Editor in 0.00 ms.
Unloading 1134 Unused Serialized files (Serialized files now loaded: 0)
System memory in use before: 64.1 MB.
System memory in use after: 64.1 MB.

Unloading 5 unused Assets to reduce memory usage. Loaded Objects now: 1701.
Total: 1.841800 ms (FindLiveObjects: 0.165200 ms CreateObjectMapping: 0.047200 ms MarkObjects: 1.570100 ms  DeleteObjects: 0.058200 ms)

========================================================================
Received Prepare
Registering precompiled user dll's ...
Registered in 0.000558 seconds.
Begin MonoManager ReloadAssembly
Native extension for WindowsStandalone target not found
Refreshing native plugins compatible for Editor in 0.31 ms, found 0 plugins.
Preloading 0 native plugins for Editor in 0.00 ms.
Invoked RoslynAnalysisRunner static constructor.
RoslynAnalysisRunner will not be running.
RoslynAnalysisRunner has terminated.
Mono: successfully reloaded assembly
- Completed reload, in  0.999 seconds
Platform modules already initialized, skipping
Refreshing native plugins compatible for Editor in 0.31 ms, found 0 plugins.
Preloading 0 native plugins for Editor in 0.00 ms.
Unloading 1134 Unused Serialized files (Serialized files now loaded: 0)
System memory in use before: 64.2 MB.
System memory in use after: 64.3 MB.

Unloading 5 unused Assets to reduce memory usage. Loaded Objects now: 1703.
Total: 1.874500 ms (FindLiveObjects: 0.153200 ms CreateObjectMapping: 0.045900 ms MarkObjects: 1.615500 ms  DeleteObjects: 0.058700 ms)

========================================================================
Received Prepare
Registering precompiled user dll's ...
Registered in 0.000603 seconds.
Begin MonoManager ReloadAssembly
Native extension for WindowsStandalone target not found
Refreshing native plugins compatible for Editor in 0.30 ms, found 0 plugins.
Preloading 0 native plugins for Editor in 0.00 ms.
Invoked RoslynAnalysisRunner static constructor.
RoslynAnalysisRunner will not be running.
RoslynAnalysisRunner has terminated.
Mono: successfully reloaded assembly
- Completed reload, in  0.999 seconds
Platform modules already initialized, skipping
Refreshing native plugins compatible for Editor in 0.31 ms, found 0 plugins.
Preloading 0 native plugins for Editor in 0.00 ms.
Unloading 1134 Unused Serialized files (Serialized files now loaded: 0)
System memory in use before: 63.6 MB.
System memory in use after: 63.7 MB.

Unloading 5 unused Assets to reduce memory usage. Loaded Objects now: 1705.
Total: 1.901100 ms (FindLiveObjects: 0.176900 ms CreateObjectMapping: 0.053200 ms MarkObjects: 1.611700 ms  DeleteObjects: 0.058400 ms)

========================================================================
Received Prepare
Registering precompiled user dll's ...
Registered in 0.000557 seconds.
Begin MonoManager ReloadAssembly
Native extension for WindowsStandalone target not found
Refreshing native plugins compatible for Editor in 0.32 ms, found 0 plugins.
Preloading 0 native plugins for Editor in 0.00 ms.
Invoked RoslynAnalysisRunner static constructor.
RoslynAnalysisRunner will not be running.
RoslynAnalysisRunner has terminated.
Mono: successfully reloaded assembly
- Completed reload, in  0.994 seconds
Platform modules already initialized, skipping
Refreshing native plugins compatible for Editor in 0.30 ms, found 0 plugins.
Preloading 0 native plugins for Editor in 0.00 ms.
Unloading 1134 Unused Serialized files (Serialized files now loaded: 0)
System memory in use before: 63.9 MB.
System memory in use after: 64.0 MB.

Unloading 5 unused Assets to reduce memory usage. Loaded Objects now: 1707.
Total: 1.893800 ms (FindLiveObjects: 0.161400 ms CreateObjectMapping: 0.049500 ms MarkObjects: 1.625900 ms  DeleteObjects: 0.056000 ms)

========================================================================
Received Prepare
Registering precompiled user dll's ...
Registered in 0.000570 seconds.
Begin MonoManager ReloadAssembly
Native extension for WindowsStandalone target not found
Refreshing native plugins compatible for Editor in 0.31 ms, found 0 plugins.
Preloading 0 native plugins for Editor in 0.00 ms.
Invoked RoslynAnalysisRunner static constructor.
RoslynAnalysisRunner will not be running.
RoslynAnalysisRunner has terminated.
Mono: successfully reloaded assembly
- Completed reload, in  1.024 seconds
Platform modules already initialized, skipping
Refreshing native plugins compatible for Editor in 0.31 ms, found 0 plugins.
Preloading 0 native plugins for Editor in 0.00 ms.
Unloading 1135 Unused Serialized files (Serialized files now loaded: 0)
System memory in use before: 64.2 MB.
System memory in use after: 64.3 MB.

Unloading 5 unused Assets to reduce memory usage. Loaded Objects now: 1710.
Total: 1.881700 ms (FindLiveObjects: 0.158900 ms CreateObjectMapping: 0.050400 ms MarkObjects: 1.613800 ms  DeleteObjects: 0.057300 ms)

========================================================================
Received Prepare
Registering precompiled user dll's ...
Registered in 0.000534 seconds.
Begin MonoManager ReloadAssembly
Native extension for WindowsStandalone target not found
Refreshing native plugins compatible for Editor in 0.32 ms, found 0 plugins.
Preloading 0 native plugins for Editor in 0.00 ms.
Invoked RoslynAnalysisRunner static constructor.
RoslynAnalysisRunner will not be running.
RoslynAnalysisRunner has terminated.
Mono: successfully reloaded assembly
- Completed reload, in  1.001 seconds
Platform modules already initialized, skipping
Refreshing native plugins compatible for Editor in 0.30 ms, found 0 plugins.
Preloading 0 native plugins for Editor in 0.00 ms.
Unloading 1135 Unused Serialized files (Serialized files now loaded: 0)
System memory in use before: 64.3 MB.
System memory in use after: 64.3 MB.

Unloading 5 unused Assets to reduce memory usage. Loaded Objects now: 1712.
Total: 1.879000 ms (FindLiveObjects: 0.174400 ms CreateObjectMapping: 0.051200 ms MarkObjects: 1.598200 ms  DeleteObjects: 0.053800 ms)

========================================================================
Received Import Request.
  Time since last request: 515.598443 seconds.
  path: Assets/MyAssets/Scripts/GameManager.cs
  artifactKey: Guid(ac0abf3966360294a967315b3709d4d8) Importer(815301076,1909f56bfc062723c751e8b465ee728b)
Start importing Assets/MyAssets/Scripts/GameManager.cs using Guid(ac0abf3966360294a967315b3709d4d8) Importer(815301076,1909f56bfc062723c751e8b465ee728b)  -> (artifact id: '4a4f211bedf65f0eda1c710a359570be') in 0.009402 seconds
  Import took 0.012305 seconds .

========================================================================
Received Prepare
Registering precompiled user dll's ...
Registered in 0.000530 seconds.
Begin MonoManager ReloadAssembly
Native extension for WindowsStandalone target not found
Refreshing native plugins compatible for Editor in 0.31 ms, found 0 plugins.
Preloading 0 native plugins for Editor in 0.00 ms.
Invoked RoslynAnalysisRunner static constructor.
RoslynAnalysisRunner will not be running.
RoslynAnalysisRunner has terminated.
Mono: successfully reloaded assembly
- Completed reload, in  1.005 seconds
Platform modules already initialized, skipping
Refreshing native plugins compatible for Editor in 0.33 ms, found 0 plugins.
Preloading 0 native plugins for Editor in 0.00 ms.
Unloading 1135 Unused Serialized files (Serialized files now loaded: 0)
System memory in use before: 63.7 MB.
System memory in use after: 63.8 MB.

Unloading 5 unused Assets to reduce memory usage. Loaded Objects now: 1714.
Total: 1.892300 ms (FindLiveObjects: 0.209000 ms CreateObjectMapping: 0.053500 ms MarkObjects: 1.568500 ms  DeleteObjects: 0.059800 ms)

========================================================================
Received Prepare
Registering precompiled user dll's ...
Registered in 0.000601 seconds.
Begin MonoManager ReloadAssembly
Native extension for WindowsStandalone target not found
Refreshing native plugins compatible for Editor in 0.31 ms, found 0 plugins.
Preloading 0 native plugins for Editor in 0.00 ms.
Invoked RoslynAnalysisRunner static constructor.
RoslynAnalysisRunner will not be running.
RoslynAnalysisRunner has terminated.
Mono: successfully reloaded assembly
- Completed reload, in  1.016 seconds
Platform modules already initialized, skipping
Refreshing native plugins compatible for Editor in 0.34 ms, found 0 plugins.
Preloading 0 native plugins for Editor in 0.00 ms.
Unloading 1135 Unused Serialized files (Serialized files now loaded: 0)
System memory in use before: 64.0 MB.
System memory in use after: 64.1 MB.

Unloading 5 unused Assets to reduce memory usage. Loaded Objects now: 1716.
Total: 1.873200 ms (FindLiveObjects: 0.181300 ms CreateObjectMapping: 0.053500 ms MarkObjects: 1.579700 ms  DeleteObjects: 0.057200 ms)

========================================================================
Received Import Request.
  Time since last request: 100.128878 seconds.
  path: Assets/MyAssets/Scripts/GameManager.cs
  artifactKey: Guid(ac0abf3966360294a967315b3709d4d8) Importer(815301076,1909f56bfc062723c751e8b465ee728b)
Start importing Assets/MyAssets/Scripts/GameManager.cs using Guid(ac0abf3966360294a967315b3709d4d8) Importer(815301076,1909f56bfc062723c751e8b465ee728b)  -> (artifact id: 'e3d194fcb23a7d2b5a4db38a32eca07f') in 0.004474 seconds
  Import took 0.009839 seconds .

========================================================================
Received Prepare
Registering precompiled user dll's ...
Registered in 0.000584 seconds.
Begin MonoManager ReloadAssembly
Native extension for WindowsStandalone target not found
Refreshing native plugins compatible for Editor in 0.30 ms, found 0 plugins.
Preloading 0 native plugins for Editor in 0.00 ms.
Invoked RoslynAnalysisRunner static constructor.
RoslynAnalysisRunner will not be running.
RoslynAnalysisRunner has terminated.
Mono: successfully reloaded assembly
- Completed reload, in  0.996 seconds
Platform modules already initialized, skipping
Refreshing native plugins compatible for Editor in 0.30 ms, found 0 plugins.
Preloading 0 native plugins for Editor in 0.00 ms.
Unloading 1135 Unused Serialized files (Serialized files now loaded: 0)
System memory in use before: 64.3 MB.
System memory in use after: 64.4 MB.

Unloading 5 unused Assets to reduce memory usage. Loaded Objects now: 1718.
Total: 1.896400 ms (FindLiveObjects: 0.157700 ms CreateObjectMapping: 0.048200 ms MarkObjects: 1.629200 ms  DeleteObjects: 0.059800 ms)

========================================================================
Received Import Request.
  Time since last request: 19.474585 seconds.
  path: Assets/MyAssets/Scripts/GameManager.cs
  artifactKey: Guid(ac0abf3966360294a967315b3709d4d8) Importer(815301076,1909f56bfc062723c751e8b465ee728b)
Start importing Assets/MyAssets/Scripts/GameManager.cs using Guid(ac0abf3966360294a967315b3709d4d8) Importer(815301076,1909f56bfc062723c751e8b465ee728b)  -> (artifact id: 'f2b34ef9f93038633465760d24df9463') in 0.004308 seconds
  Import took 0.006860 seconds .

========================================================================
Received Prepare
Registering precompiled user dll's ...
Registered in 0.000578 seconds.
Begin MonoManager ReloadAssembly
Native extension for WindowsStandalone target not found
Refreshing native plugins compatible for Editor in 0.30 ms, found 0 plugins.
Preloading 0 native plugins for Editor in 0.00 ms.
Invoked RoslynAnalysisRunner static constructor.
RoslynAnalysisRunner will not be running.
RoslynAnalysisRunner has terminated.
Mono: successfully reloaded assembly
- Completed reload, in  0.998 seconds
Platform modules already initialized, skipping
Refreshing native plugins compatible for Editor in 0.31 ms, found 0 plugins.
Preloading 0 native plugins for Editor in 0.00 ms.
Unloading 1135 Unused Serialized files (Serialized files now loaded: 0)
System memory in use before: 63.6 MB.
System memory in use after: 63.7 MB.

Unloading 5 unused Assets to reduce memory usage. Loaded Objects now: 1720.
Total: 1.904300 ms (FindLiveObjects: 0.163000 ms CreateObjectMapping: 0.048300 ms MarkObjects: 1.628300 ms  DeleteObjects: 0.063100 ms)

========================================================================
Received Import Request.
  Time since last request: 83.331403 seconds.
  path: Assets/MyAssets/Scripts/GameManager.cs
  artifactKey: Guid(ac0abf3966360294a967315b3709d4d8) Importer(815301076,1909f56bfc062723c751e8b465ee728b)
Start importing Assets/MyAssets/Scripts/GameManager.cs using Guid(ac0abf3966360294a967315b3709d4d8) Importer(815301076,1909f56bfc062723c751e8b465ee728b)  -> (artifact id: 'a8359a896e777304eef315b5b7c07780') in 0.004460 seconds
  Import took 0.007663 seconds .

========================================================================
Received Prepare
Registering precompiled user dll's ...
Registered in 0.000838 seconds.
Begin MonoManager ReloadAssembly
Native extension for WindowsStandalone target not found
Refreshing native plugins compatible for Editor in 0.30 ms, found 0 plugins.
Preloading 0 native plugins for Editor in 0.00 ms.
Invoked RoslynAnalysisRunner static constructor.
RoslynAnalysisRunner will not be running.
RoslynAnalysisRunner has terminated.
Mono: successfully reloaded assembly
- Completed reload, in  1.045 seconds
Platform modules already initialized, skipping
Refreshing native plugins compatible for Editor in 0.31 ms, found 0 plugins.
Preloading 0 native plugins for Editor in 0.00 ms.
Unloading 1135 Unused Serialized files (Serialized files now loaded: 0)
System memory in use before: 63.9 MB.
System memory in use after: 63.9 MB.

Unloading 5 unused Assets to reduce memory usage. Loaded Objects now: 1722.
Total: 1.902600 ms (FindLiveObjects: 0.163000 ms CreateObjectMapping: 0.050400 ms MarkObjects: 1.633100 ms  DeleteObjects: 0.055100 ms)

========================================================================
Received Prepare
Registering precompiled user dll's ...
Registered in 0.000480 seconds.
Begin MonoManager ReloadAssembly
Native extension for WindowsStandalone target not found
Refreshing native plugins compatible for Editor in 0.22 ms, found 0 plugins.
Preloading 0 native plugins for Editor in 0.00 ms.
Invoked RoslynAnalysisRunner static constructor.
RoslynAnalysisRunner will not be running.
RoslynAnalysisRunner has terminated.
Mono: successfully reloaded assembly
- Completed reload, in  0.638 seconds
Platform modules already initialized, skipping
Refreshing native plugins compatible for Editor in 0.23 ms, found 0 plugins.
Preloading 0 native plugins for Editor in 0.00 ms.
Unloading 1135 Unused Serialized files (Serialized files now loaded: 0)
System memory in use before: 64.1 MB.
System memory in use after: 64.2 MB.

Unloading 5 unused Assets to reduce memory usage. Loaded Objects now: 1724.
Total: 1.431500 ms (FindLiveObjects: 0.138500 ms CreateObjectMapping: 0.050000 ms MarkObjects: 1.195200 ms  DeleteObjects: 0.047000 ms)

========================================================================
Received Prepare
Registering precompiled user dll's ...
Registered in 0.000503 seconds.
Begin MonoManager ReloadAssembly
Native extension for WindowsStandalone target not found
Refreshing native plugins compatible for Editor in 0.23 ms, found 0 plugins.
Preloading 0 native plugins for Editor in 0.00 ms.
Invoked RoslynAnalysisRunner static constructor.
RoslynAnalysisRunner will not be running.
RoslynAnalysisRunner has terminated.
Mono: successfully reloaded assembly
- Completed reload, in  0.620 seconds
Platform modules already initialized, skipping
Refreshing native plugins compatible for Editor in 0.22 ms, found 0 plugins.
Preloading 0 native plugins for Editor in 0.00 ms.
Unloading 1135 Unused Serialized files (Serialized files now loaded: 0)
System memory in use before: 64.3 MB.
System memory in use after: 64.4 MB.

Unloading 5 unused Assets to reduce memory usage. Loaded Objects now: 1726.
Total: 1.288700 ms (FindLiveObjects: 0.196000 ms CreateObjectMapping: 0.032200 ms MarkObjects: 1.023200 ms  DeleteObjects: 0.036700 ms)

========================================================================
Received Prepare
Registering precompiled user dll's ...
Registered in 0.000610 seconds.
Begin MonoManager ReloadAssembly
Native extension for WindowsStandalone target not found
Refreshing native plugins compatible for Editor in 0.30 ms, found 0 plugins.
Preloading 0 native plugins for Editor in 0.00 ms.
Invoked RoslynAnalysisRunner static constructor.
RoslynAnalysisRunner will not be running.
RoslynAnalysisRunner has terminated.
Mono: successfully reloaded assembly
- Completed reload, in  1.014 seconds
Platform modules already initialized, skipping
Refreshing native plugins compatible for Editor in 0.30 ms, found 0 plugins.
Preloading 0 native plugins for Editor in 0.00 ms.
Unloading 1135 Unused Serialized files (Serialized files now loaded: 0)
System memory in use before: 63.7 MB.
System memory in use after: 63.8 MB.

Unloading 5 unused Assets to reduce memory usage. Loaded Objects now: 1728.
Total: 1.954200 ms (FindLiveObjects: 0.168400 ms CreateObjectMapping: 0.049100 ms MarkObjects: 1.675400 ms  DeleteObjects: 0.060300 ms)

========================================================================
Received Prepare
Registering precompiled user dll's ...
Registered in 0.000567 seconds.
Begin MonoManager ReloadAssembly
Native extension for WindowsStandalone target not found
Refreshing native plugins compatible for Editor in 0.30 ms, found 0 plugins.
Preloading 0 native plugins for Editor in 0.00 ms.
Invoked RoslynAnalysisRunner static constructor.
RoslynAnalysisRunner will not be running.
RoslynAnalysisRunner has terminated.
Mono: successfully reloaded assembly
- Completed reload, in  1.002 seconds
Platform modules already initialized, skipping
Refreshing native plugins compatible for Editor in 0.31 ms, found 0 plugins.
Preloading 0 native plugins for Editor in 0.00 ms.
Unloading 1135 Unused Serialized files (Serialized files now loaded: 0)
System memory in use before: 64.0 MB.
System memory in use after: 64.1 MB.

Unloading 5 unused Assets to reduce memory usage. Loaded Objects now: 1730.
Total: 1.936600 ms (FindLiveObjects: 0.174700 ms CreateObjectMapping: 0.055900 ms MarkObjects: 1.644100 ms  DeleteObjects: 0.060700 ms)

========================================================================
Received Import Request.
  Time since last request: 746.120798 seconds.
  path: Assets/MyAssets/Scripts/GameManager.cs
  artifactKey: Guid(ac0abf3966360294a967315b3709d4d8) Importer(815301076,1909f56bfc062723c751e8b465ee728b)
Start importing Assets/MyAssets/Scripts/GameManager.cs using Guid(ac0abf3966360294a967315b3709d4d8) Importer(815301076,1909f56bfc062723c751e8b465ee728b)  -> (artifact id: '5cc98d8b072266462c2ec5acd8da367b') in 0.004771 seconds
  Import took 0.007318 seconds .

========================================================================
Received Prepare
Registering precompiled user dll's ...
Registered in 0.000625 seconds.
Begin MonoManager ReloadAssembly
Native extension for WindowsStandalone target not found
Refreshing native plugins compatible for Editor in 0.34 ms, found 0 plugins.
Preloading 0 native plugins for Editor in 0.00 ms.
Invoked RoslynAnalysisRunner static constructor.
RoslynAnalysisRunner will not be running.
RoslynAnalysisRunner has terminated.
Mono: successfully reloaded assembly
- Completed reload, in  1.005 seconds
Platform modules already initialized, skipping
Refreshing native plugins compatible for Editor in 0.32 ms, found 0 plugins.
Preloading 0 native plugins for Editor in 0.00 ms.
Unloading 1135 Unused Serialized files (Serialized files now loaded: 0)
System memory in use before: 64.3 MB.
System memory in use after: 64.3 MB.

Unloading 5 unused Assets to reduce memory usage. Loaded Objects now: 1732.
Total: 2.013900 ms (FindLiveObjects: 0.170900 ms CreateObjectMapping: 0.053200 ms MarkObjects: 1.728700 ms  DeleteObjects: 0.059500 ms)

========================================================================
Received Prepare
Registering precompiled user dll's ...
Registered in 0.000636 seconds.
Begin MonoManager ReloadAssembly
Native extension for WindowsStandalone target not found
Refreshing native plugins compatible for Editor in 0.30 ms, found 0 plugins.
Preloading 0 native plugins for Editor in 0.00 ms.
Invoked RoslynAnalysisRunner static constructor.
RoslynAnalysisRunner will not be running.
RoslynAnalysisRunner has terminated.
Mono: successfully reloaded assembly
- Completed reload, in  1.004 seconds
Platform modules already initialized, skipping
Refreshing native plugins compatible for Editor in 0.33 ms, found 0 plugins.
Preloading 0 native plugins for Editor in 0.00 ms.
Unloading 1135 Unused Serialized files (Serialized files now loaded: 0)
System memory in use before: 64.3 MB.
System memory in use after: 64.4 MB.

Unloading 5 unused Assets to reduce memory usage. Loaded Objects now: 1734.
Total: 1.863700 ms (FindLiveObjects: 0.169100 ms CreateObjectMapping: 0.050000 ms MarkObjects: 1.583500 ms  DeleteObjects: 0.060000 ms)

========================================================================
Received Prepare
Registering precompiled user dll's ...
Registered in 0.000555 seconds.
Begin MonoManager ReloadAssembly
Native extension for WindowsStandalone target not found
Refreshing native plugins compatible for Editor in 0.31 ms, found 0 plugins.
Preloading 0 native plugins for Editor in 0.00 ms.
Invoked RoslynAnalysisRunner static constructor.
RoslynAnalysisRunner will not be running.
RoslynAnalysisRunner has terminated.
Mono: successfully reloaded assembly
- Completed reload, in  0.998 seconds
Platform modules already initialized, skipping
Refreshing native plugins compatible for Editor in 0.30 ms, found 0 plugins.
Preloading 0 native plugins for Editor in 0.00 ms.
Unloading 1135 Unused Serialized files (Serialized files now loaded: 0)
System memory in use before: 63.8 MB.
System memory in use after: 63.9 MB.

Unloading 5 unused Assets to reduce memory usage. Loaded Objects now: 1736.
Total: 1.881700 ms (FindLiveObjects: 0.156600 ms CreateObjectMapping: 0.048100 ms MarkObjects: 1.623100 ms  DeleteObjects: 0.052800 ms)

AssetImportWorkerClient::OnTransportError - code=2 error=End of file
